2023-03-29 13:28:54,956  INFO [main] swaglabs:55 - checkusernme
2023-03-29 13:28:55,086  INFO [main] swaglabs:57 - check pass
2023-03-29 13:28:55,304  INFO [main] swaglabs:61 - check menu
2023-03-29 13:28:55,439  INFO [main] swaglabs:63 - check logout
2023-03-29 13:28:55,823  INFO [main] swaglabs:55 - checkusernme
2023-03-29 13:28:55,919  INFO [main] swaglabs:57 - check pass
2023-03-29 13:28:56,077  INFO [main] swaglabs:61 - check menu
2023-03-29 13:28:56,228  INFO [main] swaglabs:63 - check logout
2023-03-29 13:28:56,454  INFO [main] swaglabs:55 - checkusernme
2023-03-29 13:28:56,552  INFO [main] swaglabs:57 - check pass
2023-03-29 13:28:56,736  INFO [main] swaglabs:61 - check menu
2023-03-29 13:28:56,857  INFO [main] swaglabs:63 - check logout
2023-03-29 13:28:57,045  INFO [main] swaglabs:55 - checkusernme
2023-03-29 13:28:57,140  INFO [main] swaglabs:57 - check pass
2023-03-29 13:28:57,290  INFO [main] swaglabs:61 - check menu
2023-03-29 13:28:57,430  INFO [main] swaglabs:63 - check logout
2023-03-29 13:28:57,682  INFO [main] swaglabs:55 - checkusernme
2023-03-29 13:28:57,806  INFO [main] swaglabs:57 - check pass
2023-03-29 13:28:57,944  INFO [main] swaglabs:61 - check menu
2023-03-29 13:28:58,081  INFO [main] swaglabs:63 - check logout
2023-03-29 13:28:58,308  INFO [main] swaglabs:55 - checkusernme
2023-03-29 13:28:58,420  INFO [main] swaglabs:57 - check pass
2023-03-29 13:28:58,576  INFO [main] swaglabs:61 - check menu
2023-03-29 13:28:58,691  INFO [main] swaglabs:63 - check logout
2023-03-29 13:41:01,959  INFO [main] swaglabs:55 - checkusernme
2023-03-29 13:41:02,009  INFO [main] swaglabs:57 - check pass
2023-03-29 13:41:02,577  INFO [main] swaglabs:61 - check menu
2023-03-29 13:41:02,832  INFO [main] swaglabs:63 - check logout
2023-03-29 13:41:03,106  INFO [main] swaglabs:55 - checkusernme
2023-03-29 13:41:03,157  INFO [main] swaglabs:57 - check pass
2023-03-29 13:41:03,663  INFO [main] swaglabs:61 - check menu
2023-03-29 13:41:03,942  INFO [main] swaglabs:63 - check logout
2023-03-29 13:41:04,204  INFO [main] swaglabs:55 - checkusernme
2023-03-29 13:41:04,246  INFO [main] swaglabs:57 - check pass
2023-03-29 13:41:04,774  INFO [main] swaglabs:61 - check menu
2023-03-29 13:41:05,033  INFO [main] swaglabs:63 - check logout
2023-03-29 13:41:05,308  INFO [main] swaglabs:55 - checkusernme
2023-03-29 13:41:05,375  INFO [main] swaglabs:57 - check pass
2023-03-29 13:41:05,913  INFO [main] swaglabs:61 - check menu
2023-03-29 13:41:06,170  INFO [main] swaglabs:63 - check logout
2023-03-29 13:41:06,406  INFO [main] swaglabs:55 - checkusernme
2023-03-29 13:41:06,459  INFO [main] swaglabs:57 - check pass
2023-03-29 13:41:07,040  INFO [main] swaglabs:61 - check menu
2023-03-29 13:41:07,287  INFO [main] swaglabs:63 - check logout
2023-03-29 13:41:07,573  INFO [main] swaglabs:55 - checkusernme
2023-03-29 13:41:07,617  INFO [main] swaglabs:57 - check pass
2023-03-29 13:41:08,177  INFO [main] swaglabs:61 - check menu
2023-03-29 13:41:08,457  INFO [main] swaglabs:63 - check logout
2023-03-29 13:43:54,134  INFO [main] swaglabs:55 - checkusernme
2023-03-29 13:43:54,298  INFO [main] swaglabs:57 - check pass
2023-03-29 13:43:54,565  INFO [main] swaglabs:61 - check menu
2023-03-29 13:43:54,722  INFO [main] swaglabs:63 - check logout
2023-03-29 13:43:55,361  INFO [main] swaglabs:55 - checkusernme
2023-03-29 13:43:55,462  INFO [main] swaglabs:57 - check pass
2023-03-29 13:43:55,615  INFO [main] swaglabs:61 - check menu
2023-03-29 13:43:55,764  INFO [main] swaglabs:63 - check logout
2023-03-29 13:43:55,981  INFO [main] swaglabs:55 - checkusernme
2023-03-29 13:43:56,075  INFO [main] swaglabs:57 - check pass
2023-03-29 13:43:56,264  INFO [main] swaglabs:61 - check menu
2023-03-29 13:43:56,407  INFO [main] swaglabs:63 - check logout
2023-03-29 13:43:56,579  INFO [main] swaglabs:55 - checkusernme
2023-03-29 13:43:56,670  INFO [main] swaglabs:57 - check pass
2023-03-29 13:43:56,803  INFO [main] swaglabs:61 - check menu
2023-03-29 13:43:56,932  INFO [main] swaglabs:63 - check logout
2023-03-29 13:43:57,114  INFO [main] swaglabs:55 - checkusernme
2023-03-29 13:43:57,208  INFO [main] swaglabs:57 - check pass
2023-03-29 13:43:57,341  INFO [main] swaglabs:61 - check menu
2023-03-29 13:43:57,481  INFO [main] swaglabs:63 - check logout
2023-03-29 13:43:57,654  INFO [main] swaglabs:55 - checkusernme
2023-03-29 13:43:57,744  INFO [main] swaglabs:57 - check pass
2023-03-29 13:43:57,874  INFO [main] swaglabs:61 - check menu
2023-03-29 13:43:58,003  INFO [main] swaglabs:63 - check logout
2023-04-01 16:57:20,408  INFO [main] swaglabs:55 - checkusernme
2023-04-01 16:57:20,598  INFO [main] swaglabs:57 - check pass
2023-04-01 16:57:21,092  INFO [main] swaglabs:61 - check menu
2023-04-01 16:57:21,227  INFO [main] swaglabs:63 - check logout
2023-04-01 16:57:21,662  INFO [main] swaglabs:55 - checkusernme
2023-04-01 16:57:21,817  INFO [main] swaglabs:57 - check pass
2023-04-01 16:57:22,036  INFO [main] swaglabs:61 - check menu
2023-04-01 16:57:22,189  INFO [main] swaglabs:63 - check logout
2023-04-01 16:57:22,530  INFO [main] swaglabs:55 - checkusernme
2023-04-01 16:57:22,681  INFO [main] swaglabs:57 - check pass
2023-04-01 16:57:22,934  INFO [main] swaglabs:61 - check menu
2023-04-01 16:57:23,085  INFO [main] swaglabs:63 - check logout
2023-04-01 16:57:23,365  INFO [main] swaglabs:55 - checkusernme
2023-04-01 16:57:23,513  INFO [main] swaglabs:57 - check pass
2023-04-01 16:57:23,731  INFO [main] swaglabs:61 - check menu
2023-04-01 16:57:23,889  INFO [main] swaglabs:63 - check logout
2023-04-01 16:57:24,192  INFO [main] swaglabs:55 - checkusernme
2023-04-01 16:57:24,334  INFO [main] swaglabs:57 - check pass
2023-04-01 16:57:24,546  INFO [main] swaglabs:61 - check menu
2023-04-01 16:57:24,710  INFO [main] swaglabs:63 - check logout
2023-04-01 16:57:24,994  INFO [main] swaglabs:55 - checkusernme
2023-04-01 16:57:25,132  INFO [main] swaglabs:57 - check pass
2023-04-01 16:57:25,324  INFO [main] swaglabs:61 - check menu
2023-04-01 16:57:25,479  INFO [main] swaglabs:63 - check logout
2023-04-03 21:20:15,453  INFO [main] swaglabs:55 - checkusernme
2023-04-03 21:20:15,574  INFO [main] swaglabs:57 - check pass
2023-04-03 21:20:15,847  INFO [main] swaglabs:61 - check menu
2023-04-03 21:20:15,988  INFO [main] swaglabs:63 - check logout
2023-04-03 21:20:17,261  INFO [main] swaglabs:55 - checkusernme
2023-04-03 21:20:17,359  INFO [main] swaglabs:57 - check pass
2023-04-03 21:20:17,526  INFO [main] swaglabs:61 - check menu
2023-04-03 21:20:17,694  INFO [main] swaglabs:63 - check logout
2023-04-03 21:20:18,002  INFO [main] swaglabs:55 - checkusernme
2023-04-03 21:20:18,102  INFO [main] swaglabs:57 - check pass
2023-04-03 21:20:18,263  INFO [main] swaglabs:61 - check menu
2023-04-03 21:20:18,413  INFO [main] swaglabs:63 - check logout
2023-04-03 21:20:18,806  INFO [main] swaglabs:55 - checkusernme
2023-04-03 21:20:18,910  INFO [main] swaglabs:57 - check pass
2023-04-03 21:20:19,067  INFO [main] swaglabs:61 - check menu
2023-04-03 21:20:19,213  INFO [main] swaglabs:63 - check logout
2023-04-03 21:20:19,434  INFO [main] swaglabs:55 - checkusernme
2023-04-03 21:20:19,530  INFO [main] swaglabs:57 - check pass
2023-04-03 21:20:19,723  INFO [main] swaglabs:61 - check menu
2023-04-03 21:20:19,859  INFO [main] swaglabs:63 - check logout
2023-04-03 21:20:20,063  INFO [main] swaglabs:55 - checkusernme
2023-04-03 21:20:20,163  INFO [main] swaglabs:57 - check pass
2023-04-03 21:20:20,307  INFO [main] swaglabs:61 - check menu
2023-04-03 21:20:20,430  INFO [main] swaglabs:63 - check logout
2023-04-03 21:29:42,115  INFO [main] swaglabs:55 - checkusernme
2023-04-03 21:29:42,297  INFO [main] swaglabs:57 - check pass
2023-04-03 21:29:42,584  INFO [main] swaglabs:61 - check menu
2023-04-03 21:29:42,688  INFO [main] swaglabs:63 - check logout
2023-04-03 21:29:42,969  INFO [main] swaglabs:55 - checkusernme
2023-04-03 21:29:43,099  INFO [main] swaglabs:57 - check pass
2023-04-03 21:29:43,286  INFO [main] swaglabs:61 - check menu
2023-04-03 21:29:43,425  INFO [main] swaglabs:63 - check logout
2023-04-03 21:29:43,824  INFO [main] swaglabs:55 - checkusernme
2023-04-03 21:29:44,055  INFO [main] swaglabs:57 - check pass
2023-04-03 21:29:44,248  INFO [main] swaglabs:61 - check menu
2023-04-03 21:29:44,409  INFO [main] swaglabs:63 - check logout
2023-04-03 21:29:44,683  INFO [main] swaglabs:55 - checkusernme
2023-04-03 21:29:44,833  INFO [main] swaglabs:57 - check pass
2023-04-03 21:29:45,014  INFO [main] swaglabs:61 - check menu
2023-04-03 21:29:45,155  INFO [main] swaglabs:63 - check logout
2023-04-03 21:29:45,454  INFO [main] swaglabs:55 - checkusernme
2023-04-03 21:29:45,584  INFO [main] swaglabs:57 - check pass
2023-04-03 21:29:45,772  INFO [main] swaglabs:61 - check menu
2023-04-03 21:29:45,904  INFO [main] swaglabs:63 - check logout
2023-04-03 21:29:46,131  INFO [main] swaglabs:55 - checkusernme
2023-04-03 21:29:46,243  INFO [main] swaglabs:57 - check pass
2023-04-03 21:29:46,403  INFO [main] swaglabs:61 - check menu
2023-04-03 21:29:46,555  INFO [main] swaglabs:63 - check logout
2023-04-03 22:05:17,091  INFO [main] swaglabs:55 - checkusernme
2023-04-03 22:05:17,222  INFO [main] swaglabs:57 - check pass
2023-04-03 22:05:17,423  INFO [main] swaglabs:61 - check menu
2023-04-03 22:05:17,510  INFO [main] swaglabs:63 - check logout
2023-04-03 22:05:17,750  INFO [main] swaglabs:55 - checkusernme
2023-04-03 22:05:17,869  INFO [main] swaglabs:57 - check pass
2023-04-03 22:05:18,027  INFO [main] swaglabs:61 - check menu
2023-04-03 22:05:18,175  INFO [main] swaglabs:63 - check logout
2023-04-03 22:05:18,433  INFO [main] swaglabs:55 - checkusernme
2023-04-03 22:05:18,584  INFO [main] swaglabs:57 - check pass
2023-04-03 22:05:18,746  INFO [main] swaglabs:61 - check menu
2023-04-03 22:05:18,873  INFO [main] swaglabs:63 - check logout
2023-04-03 22:05:19,106  INFO [main] swaglabs:55 - checkusernme
2023-04-03 22:05:19,237  INFO [main] swaglabs:57 - check pass
2023-04-03 22:05:19,398  INFO [main] swaglabs:61 - check menu
2023-04-03 22:05:19,545  INFO [main] swaglabs:63 - check logout
2023-04-03 22:05:19,805  INFO [main] swaglabs:55 - checkusernme
2023-04-03 22:05:19,922  INFO [main] swaglabs:57 - check pass
2023-04-03 22:05:20,090  INFO [main] swaglabs:61 - check menu
2023-04-03 22:05:20,227  INFO [main] swaglabs:63 - check logout
2023-04-03 22:05:20,443  INFO [main] swaglabs:55 - checkusernme
2023-04-03 22:05:20,550  INFO [main] swaglabs:57 - check pass
2023-04-03 22:05:20,709  INFO [main] swaglabs:61 - check menu
2023-04-03 22:05:20,858  INFO [main] swaglabs:63 - check logout
2023-04-03 22:42:44,091  INFO [main] swaglabs:55 - checkusernme
2023-04-03 22:42:44,312  INFO [main] swaglabs:57 - check pass
2023-04-03 22:42:44,704  INFO [main] swaglabs:61 - check menu
2023-04-03 22:42:44,934  INFO [main] swaglabs:63 - check logout
2023-04-03 22:42:45,502  INFO [main] swaglabs:55 - checkusernme
2023-04-03 22:42:45,726  INFO [main] swaglabs:57 - check pass
2023-04-03 22:42:46,057  INFO [main] swaglabs:61 - check menu
2023-04-03 22:42:46,235  INFO [main] swaglabs:63 - check logout
2023-04-03 22:42:46,775  INFO [main] swaglabs:55 - checkusernme
2023-04-03 22:42:47,025  INFO [main] swaglabs:57 - check pass
2023-04-03 22:42:47,374  INFO [main] swaglabs:61 - check menu
2023-04-03 22:42:47,645  INFO [main] swaglabs:63 - check logout
2023-04-03 22:42:48,081  INFO [main] swaglabs:55 - checkusernme
2023-04-03 22:42:48,283  INFO [main] swaglabs:57 - check pass
2023-04-03 22:42:48,610  INFO [main] swaglabs:61 - check menu
2023-04-03 22:42:48,776  INFO [main] swaglabs:63 - check logout
2023-04-03 22:42:49,365  INFO [main] swaglabs:55 - checkusernme
2023-04-03 22:42:49,644  INFO [main] swaglabs:57 - check pass
2023-04-03 22:42:50,004  INFO [main] swaglabs:61 - check menu
2023-04-03 22:42:50,178  INFO [main] swaglabs:63 - check logout
2023-04-03 22:42:50,692  INFO [main] swaglabs:55 - checkusernme
2023-04-03 22:42:50,943  INFO [main] swaglabs:57 - check pass
2023-04-03 22:42:51,373  INFO [main] swaglabs:61 - check menu
2023-04-03 22:42:51,578  INFO [main] swaglabs:63 - check logout
2023-04-03 22:43:15,068 DEBUG [main] cache:45 - Couldn't find template in cache for "index.ftl"("en", UTF-8, parsed); will try to load it.
2023-04-03 22:43:15,072 DEBUG [main] cache:45 - TemplateLoader.findTemplateSource("index_en.ftl"): Not found
2023-04-03 22:43:15,078 DEBUG [main] cache:45 - TemplateLoader.findTemplateSource("index.ftl"): Found
2023-04-03 22:43:15,078 DEBUG [main] cache:45 - Loading template for "index.ftl"("en", UTF-8, parsed) from "jar:file:/C:/Users/HP/.m2/repository/com/aventstack/extentreports/3.1.2/extentreports-3.1.2.jar!/com/aventstack/extentreports/view/html-report/index.ftl"
2023-04-03 22:43:15,373 DEBUG [main] cache:45 - Couldn't find template in cache for "head.ftl"("en", UTF-8, parsed); will try to load it.
2023-04-03 22:43:15,375 DEBUG [main] cache:45 - TemplateLoader.findTemplateSource("head_en.ftl"): Not found
2023-04-03 22:43:15,376 DEBUG [main] cache:45 - TemplateLoader.findTemplateSource("head.ftl"): Found
2023-04-03 22:43:15,376 DEBUG [main] cache:45 - Loading template for "head.ftl"("en", UTF-8, parsed) from "jar:file:/C:/Users/HP/.m2/repository/com/aventstack/extentreports/3.1.2/extentreports-3.1.2.jar!/com/aventstack/extentreports/view/html-report/head.ftl"
2023-04-03 22:43:15,384 DEBUG [main] cache:45 - Couldn't find template in cache for "nav.ftl"("en", UTF-8, parsed); will try to load it.
2023-04-03 22:43:15,387 DEBUG [main] cache:45 - TemplateLoader.findTemplateSource("nav_en.ftl"): Not found
2023-04-03 22:43:15,388 DEBUG [main] cache:45 - TemplateLoader.findTemplateSource("nav.ftl"): Found
2023-04-03 22:43:15,389 DEBUG [main] cache:45 - Loading template for "nav.ftl"("en", UTF-8, parsed) from "jar:file:/C:/Users/HP/.m2/repository/com/aventstack/extentreports/3.1.2/extentreports-3.1.2.jar!/com/aventstack/extentreports/view/html-report/nav.ftl"
2023-04-03 22:43:15,403 DEBUG [main] cache:45 - Couldn't find template in cache for "test-view/test-view.ftl"("en", UTF-8, parsed); will try to load it.
2023-04-03 22:43:15,406 DEBUG [main] cache:45 - TemplateLoader.findTemplateSource("test-view/test-view_en.ftl"): Not found
2023-04-03 22:43:15,411 DEBUG [main] cache:45 - TemplateLoader.findTemplateSource("test-view/test-view.ftl"): Found
2023-04-03 22:43:15,415 DEBUG [main] cache:45 - Loading template for "test-view/test-view.ftl"("en", UTF-8, parsed) from "jar:file:/C:/Users/HP/.m2/repository/com/aventstack/extentreports/3.1.2/extentreports-3.1.2.jar!/com/aventstack/extentreports/view/html-report/test-view/test-view.ftl"
2023-04-03 22:43:15,457 DEBUG [main] cache:45 - Couldn't find template in cache for "test-view/test-view-charts.ftl"("en", UTF-8, parsed); will try to load it.
2023-04-03 22:43:15,459 DEBUG [main] cache:45 - TemplateLoader.findTemplateSource("test-view/test-view-charts_en.ftl"): Not found
2023-04-03 22:43:15,461 DEBUG [main] cache:45 - TemplateLoader.findTemplateSource("test-view/test-view-charts.ftl"): Found
2023-04-03 22:43:15,463 DEBUG [main] cache:45 - Loading template for "test-view/test-view-charts.ftl"("en", UTF-8, parsed) from "jar:file:/C:/Users/HP/.m2/repository/com/aventstack/extentreports/3.1.2/extentreports-3.1.2.jar!/com/aventstack/extentreports/view/html-report/test-view/test-view-charts.ftl"
2023-04-03 22:43:15,499 DEBUG [main] cache:45 - Couldn't find template in cache for "test-view/standard.ftl"("en", UTF-8, parsed); will try to load it.
2023-04-03 22:43:15,500 DEBUG [main] cache:45 - TemplateLoader.findTemplateSource("test-view/standard_en.ftl"): Not found
2023-04-03 22:43:15,502 DEBUG [main] cache:45 - TemplateLoader.findTemplateSource("test-view/standard.ftl"): Found
2023-04-03 22:43:15,504 DEBUG [main] cache:45 - Loading template for "test-view/standard.ftl"("en", UTF-8, parsed) from "jar:file:/C:/Users/HP/.m2/repository/com/aventstack/extentreports/3.1.2/extentreports-3.1.2.jar!/com/aventstack/extentreports/view/html-report/test-view/standard.ftl"
2023-04-03 22:43:15,548 DEBUG [main] cache:45 - "test-view/standard.ftl"("en", UTF-8, parsed) cached copy not yet stale; using cached.
2023-04-03 22:43:15,551 DEBUG [main] cache:45 - "test-view/standard.ftl"("en", UTF-8, parsed) cached copy not yet stale; using cached.
2023-04-03 22:43:15,553 DEBUG [main] cache:45 - "test-view/standard.ftl"("en", UTF-8, parsed) cached copy not yet stale; using cached.
2023-04-03 22:43:15,557 DEBUG [main] cache:45 - "test-view/standard.ftl"("en", UTF-8, parsed) cached copy not yet stale; using cached.
2023-04-03 22:43:15,562 DEBUG [main] cache:45 - "test-view/standard.ftl"("en", UTF-8, parsed) cached copy not yet stale; using cached.
2023-04-03 22:43:15,566 DEBUG [main] cache:45 - "test-view/standard.ftl"("en", UTF-8, parsed) cached copy not yet stale; using cached.
2023-04-03 22:43:15,572 DEBUG [main] cache:45 - "test-view/standard.ftl"("en", UTF-8, parsed) cached copy not yet stale; using cached.
2023-04-03 22:43:15,576 DEBUG [main] cache:45 - "test-view/standard.ftl"("en", UTF-8, parsed) cached copy not yet stale; using cached.
2023-04-03 22:43:15,580 DEBUG [main] cache:45 - "test-view/standard.ftl"("en", UTF-8, parsed) cached copy not yet stale; using cached.
2023-04-03 22:43:15,589 DEBUG [main] cache:45 - "test-view/standard.ftl"("en", UTF-8, parsed) cached copy not yet stale; using cached.
2023-04-03 22:43:15,592 DEBUG [main] cache:45 - "test-view/standard.ftl"("en", UTF-8, parsed) cached copy not yet stale; using cached.
2023-04-03 22:43:15,595 DEBUG [main] cache:45 - "test-view/standard.ftl"("en", UTF-8, parsed) cached copy not yet stale; using cached.
2023-04-03 22:43:15,600 DEBUG [main] cache:45 - "test-view/standard.ftl"("en", UTF-8, parsed) cached copy not yet stale; using cached.
2023-04-03 22:43:15,605 DEBUG [main] cache:45 - "test-view/standard.ftl"("en", UTF-8, parsed) cached copy not yet stale; using cached.
2023-04-03 22:43:15,608 DEBUG [main] cache:45 - "test-view/standard.ftl"("en", UTF-8, parsed) cached copy not yet stale; using cached.
2023-04-03 22:43:15,610 DEBUG [main] cache:45 - "test-view/standard.ftl"("en", UTF-8, parsed) cached copy not yet stale; using cached.
2023-04-03 22:43:15,613 DEBUG [main] cache:45 - "test-view/standard.ftl"("en", UTF-8, parsed) cached copy not yet stale; using cached.
2023-04-03 22:43:15,617 DEBUG [main] cache:45 - "test-view/standard.ftl"("en", UTF-8, parsed) cached copy not yet stale; using cached.
2023-04-03 22:43:15,625 DEBUG [main] cache:45 - "test-view/standard.ftl"("en", UTF-8, parsed) cached copy not yet stale; using cached.
2023-04-03 22:43:15,632 DEBUG [main] cache:45 - "test-view/standard.ftl"("en", UTF-8, parsed) cached copy not yet stale; using cached.
2023-04-03 22:43:15,640 DEBUG [main] cache:45 - "test-view/standard.ftl"("en", UTF-8, parsed) cached copy not yet stale; using cached.
2023-04-03 22:43:15,642 DEBUG [main] cache:45 - Couldn't find template in cache for "category-view/category-view.ftl"("en", UTF-8, parsed); will try to load it.
2023-04-03 22:43:15,644 DEBUG [main] cache:45 - TemplateLoader.findTemplateSource("category-view/category-view_en.ftl"): Not found
2023-04-03 22:43:15,646 DEBUG [main] cache:45 - TemplateLoader.findTemplateSource("category-view/category-view.ftl"): Found
2023-04-03 22:43:15,646 DEBUG [main] cache:45 - Loading template for "category-view/category-view.ftl"("en", UTF-8, parsed) from "jar:file:/C:/Users/HP/.m2/repository/com/aventstack/extentreports/3.1.2/extentreports-3.1.2.jar!/com/aventstack/extentreports/view/html-report/category-view/category-view.ftl"
2023-04-03 22:43:15,655 DEBUG [main] cache:45 - Couldn't find template in cache for "author-view/author-view.ftl"("en", UTF-8, parsed); will try to load it.
2023-04-03 22:43:15,656 DEBUG [main] cache:45 - TemplateLoader.findTemplateSource("author-view/author-view_en.ftl"): Not found
2023-04-03 22:43:15,659 DEBUG [main] cache:45 - TemplateLoader.findTemplateSource("author-view/author-view.ftl"): Found
2023-04-03 22:43:15,660 DEBUG [main] cache:45 - Loading template for "author-view/author-view.ftl"("en", UTF-8, parsed) from "jar:file:/C:/Users/HP/.m2/repository/com/aventstack/extentreports/3.1.2/extentreports-3.1.2.jar!/com/aventstack/extentreports/view/html-report/author-view/author-view.ftl"
2023-04-03 22:43:15,681 DEBUG [main] cache:45 - Couldn't find template in cache for "exception-view/exception-view.ftl"("en", UTF-8, parsed); will try to load it.
2023-04-03 22:43:15,685 DEBUG [main] cache:45 - TemplateLoader.findTemplateSource("exception-view/exception-view_en.ftl"): Not found
2023-04-03 22:43:15,693 DEBUG [main] cache:45 - TemplateLoader.findTemplateSource("exception-view/exception-view.ftl"): Found
2023-04-03 22:43:15,707 DEBUG [main] cache:45 - Loading template for "exception-view/exception-view.ftl"("en", UTF-8, parsed) from "jar:file:/C:/Users/HP/.m2/repository/com/aventstack/extentreports/3.1.2/extentreports-3.1.2.jar!/com/aventstack/extentreports/view/html-report/exception-view/exception-view.ftl"
2023-04-03 22:43:15,730 DEBUG [main] cache:45 - Couldn't find template in cache for "dashboard-view/dashboard-view.ftl"("en", UTF-8, parsed); will try to load it.
2023-04-03 22:43:15,736 DEBUG [main] cache:45 - TemplateLoader.findTemplateSource("dashboard-view/dashboard-view_en.ftl"): Not found
2023-04-03 22:43:15,739 DEBUG [main] cache:45 - TemplateLoader.findTemplateSource("dashboard-view/dashboard-view.ftl"): Found
2023-04-03 22:43:15,742 DEBUG [main] cache:45 - Loading template for "dashboard-view/dashboard-view.ftl"("en", UTF-8, parsed) from "jar:file:/C:/Users/HP/.m2/repository/com/aventstack/extentreports/3.1.2/extentreports-3.1.2.jar!/com/aventstack/extentreports/view/html-report/dashboard-view/dashboard-view.ftl"
2023-04-03 22:43:15,789 DEBUG [main] cache:45 - Couldn't find template in cache for "logs-view/testrunner-logs-view.ftl"("en", UTF-8, parsed); will try to load it.
2023-04-03 22:43:15,798 DEBUG [main] cache:45 - TemplateLoader.findTemplateSource("logs-view/testrunner-logs-view_en.ftl"): Not found
2023-04-03 22:43:15,805 DEBUG [main] cache:45 - TemplateLoader.findTemplateSource("logs-view/testrunner-logs-view.ftl"): Found
2023-04-03 22:43:15,807 DEBUG [main] cache:45 - Loading template for "logs-view/testrunner-logs-view.ftl"("en", UTF-8, parsed) from "jar:file:/C:/Users/HP/.m2/repository/com/aventstack/extentreports/3.1.2/extentreports-3.1.2.jar!/com/aventstack/extentreports/view/html-report/logs-view/testrunner-logs-view.ftl"
2023-04-03 23:00:31,365  INFO [main] swaglabs:55 - checkusernme
2023-04-03 23:00:31,721  INFO [main] swaglabs:57 - check pass
2023-04-03 23:00:32,130  INFO [main] swaglabs:61 - check menu
2023-04-03 23:00:32,372  INFO [main] swaglabs:63 - check logout
2023-04-03 23:00:32,918  INFO [main] swaglabs:55 - checkusernme
2023-04-03 23:00:33,109  INFO [main] swaglabs:57 - check pass
2023-04-03 23:00:33,408  INFO [main] swaglabs:61 - check menu
2023-04-03 23:00:33,607  INFO [main] swaglabs:63 - check logout
2023-04-03 23:00:34,336  INFO [main] swaglabs:55 - checkusernme
2023-04-03 23:00:34,600  INFO [main] swaglabs:57 - check pass
2023-04-03 23:00:34,950  INFO [main] swaglabs:61 - check menu
2023-04-03 23:00:35,145  INFO [main] swaglabs:63 - check logout
2023-04-03 23:00:35,673  INFO [main] swaglabs:55 - checkusernme
2023-04-03 23:00:35,909  INFO [main] swaglabs:57 - check pass
2023-04-03 23:00:36,257  INFO [main] swaglabs:61 - check menu
2023-04-03 23:00:36,414  INFO [main] swaglabs:63 - check logout
2023-04-03 23:00:36,905  INFO [main] swaglabs:55 - checkusernme
2023-04-03 23:00:37,119  INFO [main] swaglabs:57 - check pass
2023-04-03 23:00:37,404  INFO [main] swaglabs:61 - check menu
2023-04-03 23:00:37,549  INFO [main] swaglabs:63 - check logout
2023-04-03 23:00:37,976  INFO [main] swaglabs:55 - checkusernme
2023-04-03 23:00:38,160  INFO [main] swaglabs:57 - check pass
2023-04-03 23:00:38,418  INFO [main] swaglabs:61 - check menu
2023-04-03 23:00:38,537  INFO [main] swaglabs:63 - check logout
2023-04-03 23:00:48,394 DEBUG [main] cache:45 - Couldn't find template in cache for "index.ftl"("en", UTF-8, parsed); will try to load it.
2023-04-03 23:00:48,397 DEBUG [main] cache:45 - TemplateLoader.findTemplateSource("index_en.ftl"): Not found
2023-04-03 23:00:48,401 DEBUG [main] cache:45 - TemplateLoader.findTemplateSource("index.ftl"): Found
2023-04-03 23:00:48,403 DEBUG [main] cache:45 - Loading template for "index.ftl"("en", UTF-8, parsed) from "jar:file:/C:/Users/HP/.m2/repository/com/aventstack/extentreports/3.1.2/extentreports-3.1.2.jar!/com/aventstack/extentreports/view/html-report/index.ftl"
2023-04-03 23:00:48,754 DEBUG [main] cache:45 - Couldn't find template in cache for "head.ftl"("en", UTF-8, parsed); will try to load it.
2023-04-03 23:00:48,756 DEBUG [main] cache:45 - TemplateLoader.findTemplateSource("head_en.ftl"): Not found
2023-04-03 23:00:48,760 DEBUG [main] cache:45 - TemplateLoader.findTemplateSource("head.ftl"): Found
2023-04-03 23:00:48,762 DEBUG [main] cache:45 - Loading template for "head.ftl"("en", UTF-8, parsed) from "jar:file:/C:/Users/HP/.m2/repository/com/aventstack/extentreports/3.1.2/extentreports-3.1.2.jar!/com/aventstack/extentreports/view/html-report/head.ftl"
2023-04-03 23:00:48,770 DEBUG [main] cache:45 - Couldn't find template in cache for "nav.ftl"("en", UTF-8, parsed); will try to load it.
2023-04-03 23:00:48,774 DEBUG [main] cache:45 - TemplateLoader.findTemplateSource("nav_en.ftl"): Not found
2023-04-03 23:00:48,779 DEBUG [main] cache:45 - TemplateLoader.findTemplateSource("nav.ftl"): Found
2023-04-03 23:00:48,781 DEBUG [main] cache:45 - Loading template for "nav.ftl"("en", UTF-8, parsed) from "jar:file:/C:/Users/HP/.m2/repository/com/aventstack/extentreports/3.1.2/extentreports-3.1.2.jar!/com/aventstack/extentreports/view/html-report/nav.ftl"
2023-04-03 23:00:48,817 DEBUG [main] cache:45 - Couldn't find template in cache for "test-view/test-view.ftl"("en", UTF-8, parsed); will try to load it.
2023-04-03 23:00:48,824 DEBUG [main] cache:45 - TemplateLoader.findTemplateSource("test-view/test-view_en.ftl"): Not found
2023-04-03 23:00:48,832 DEBUG [main] cache:45 - TemplateLoader.findTemplateSource("test-view/test-view.ftl"): Found
2023-04-03 23:00:48,837 DEBUG [main] cache:45 - Loading template for "test-view/test-view.ftl"("en", UTF-8, parsed) from "jar:file:/C:/Users/HP/.m2/repository/com/aventstack/extentreports/3.1.2/extentreports-3.1.2.jar!/com/aventstack/extentreports/view/html-report/test-view/test-view.ftl"
2023-04-03 23:00:48,862 DEBUG [main] cache:45 - Couldn't find template in cache for "test-view/test-view-charts.ftl"("en", UTF-8, parsed); will try to load it.
2023-04-03 23:00:48,865 DEBUG [main] cache:45 - TemplateLoader.findTemplateSource("test-view/test-view-charts_en.ftl"): Not found
2023-04-03 23:00:48,869 DEBUG [main] cache:45 - TemplateLoader.findTemplateSource("test-view/test-view-charts.ftl"): Found
2023-04-03 23:00:48,872 DEBUG [main] cache:45 - Loading template for "test-view/test-view-charts.ftl"("en", UTF-8, parsed) from "jar:file:/C:/Users/HP/.m2/repository/com/aventstack/extentreports/3.1.2/extentreports-3.1.2.jar!/com/aventstack/extentreports/view/html-report/test-view/test-view-charts.ftl"
2023-04-03 23:00:48,917 DEBUG [main] cache:45 - Couldn't find template in cache for "test-view/standard.ftl"("en", UTF-8, parsed); will try to load it.
2023-04-03 23:00:48,921 DEBUG [main] cache:45 - TemplateLoader.findTemplateSource("test-view/standard_en.ftl"): Not found
2023-04-03 23:00:48,926 DEBUG [main] cache:45 - TemplateLoader.findTemplateSource("test-view/standard.ftl"): Found
2023-04-03 23:00:48,930 DEBUG [main] cache:45 - Loading template for "test-view/standard.ftl"("en", UTF-8, parsed) from "jar:file:/C:/Users/HP/.m2/repository/com/aventstack/extentreports/3.1.2/extentreports-3.1.2.jar!/com/aventstack/extentreports/view/html-report/test-view/standard.ftl"
2023-04-03 23:00:48,969 DEBUG [main] cache:45 - "test-view/standard.ftl"("en", UTF-8, parsed) cached copy not yet stale; using cached.
2023-04-03 23:00:48,973 DEBUG [main] cache:45 - "test-view/standard.ftl"("en", UTF-8, parsed) cached copy not yet stale; using cached.
2023-04-03 23:00:48,977 DEBUG [main] cache:45 - "test-view/standard.ftl"("en", UTF-8, parsed) cached copy not yet stale; using cached.
2023-04-03 23:00:48,980 DEBUG [main] cache:45 - "test-view/standard.ftl"("en", UTF-8, parsed) cached copy not yet stale; using cached.
2023-04-03 23:00:48,983 DEBUG [main] cache:45 - "test-view/standard.ftl"("en", UTF-8, parsed) cached copy not yet stale; using cached.
2023-04-03 23:00:48,989 DEBUG [main] cache:45 - "test-view/standard.ftl"("en", UTF-8, parsed) cached copy not yet stale; using cached.
2023-04-03 23:00:48,994 DEBUG [main] cache:45 - "test-view/standard.ftl"("en", UTF-8, parsed) cached copy not yet stale; using cached.
2023-04-03 23:00:49,000 DEBUG [main] cache:45 - "test-view/standard.ftl"("en", UTF-8, parsed) cached copy not yet stale; using cached.
2023-04-03 23:00:49,003 DEBUG [main] cache:45 - "test-view/standard.ftl"("en", UTF-8, parsed) cached copy not yet stale; using cached.
2023-04-03 23:00:49,006 DEBUG [main] cache:45 - "test-view/standard.ftl"("en", UTF-8, parsed) cached copy not yet stale; using cached.
2023-04-03 23:00:49,010 DEBUG [main] cache:45 - "test-view/standard.ftl"("en", UTF-8, parsed) cached copy not yet stale; using cached.
2023-04-03 23:00:49,013 DEBUG [main] cache:45 - "test-view/standard.ftl"("en", UTF-8, parsed) cached copy not yet stale; using cached.
2023-04-03 23:00:49,016 DEBUG [main] cache:45 - "test-view/standard.ftl"("en", UTF-8, parsed) cached copy not yet stale; using cached.
2023-04-03 23:00:49,018 DEBUG [main] cache:45 - "test-view/standard.ftl"("en", UTF-8, parsed) cached copy not yet stale; using cached.
2023-04-03 23:00:49,022 DEBUG [main] cache:45 - "test-view/standard.ftl"("en", UTF-8, parsed) cached copy not yet stale; using cached.
2023-04-03 23:00:49,026 DEBUG [main] cache:45 - "test-view/standard.ftl"("en", UTF-8, parsed) cached copy not yet stale; using cached.
2023-04-03 23:00:49,027 DEBUG [main] cache:45 - "test-view/standard.ftl"("en", UTF-8, parsed) cached copy not yet stale; using cached.
2023-04-03 23:00:49,031 DEBUG [main] cache:45 - "test-view/standard.ftl"("en", UTF-8, parsed) cached copy not yet stale; using cached.
2023-04-03 23:00:49,033 DEBUG [main] cache:45 - "test-view/standard.ftl"("en", UTF-8, parsed) cached copy not yet stale; using cached.
2023-04-03 23:00:49,035 DEBUG [main] cache:45 - "test-view/standard.ftl"("en", UTF-8, parsed) cached copy not yet stale; using cached.
2023-04-03 23:00:49,039 DEBUG [main] cache:45 - "test-view/standard.ftl"("en", UTF-8, parsed) cached copy not yet stale; using cached.
2023-04-03 23:00:49,041 DEBUG [main] cache:45 - Couldn't find template in cache for "category-view/category-view.ftl"("en", UTF-8, parsed); will try to load it.
2023-04-03 23:00:49,042 DEBUG [main] cache:45 - TemplateLoader.findTemplateSource("category-view/category-view_en.ftl"): Not found
2023-04-03 23:00:49,044 DEBUG [main] cache:45 - TemplateLoader.findTemplateSource("category-view/category-view.ftl"): Found
2023-04-03 23:00:49,044 DEBUG [main] cache:45 - Loading template for "category-view/category-view.ftl"("en", UTF-8, parsed) from "jar:file:/C:/Users/HP/.m2/repository/com/aventstack/extentreports/3.1.2/extentreports-3.1.2.jar!/com/aventstack/extentreports/view/html-report/category-view/category-view.ftl"
2023-04-03 23:00:49,050 DEBUG [main] cache:45 - Couldn't find template in cache for "author-view/author-view.ftl"("en", UTF-8, parsed); will try to load it.
2023-04-03 23:00:49,051 DEBUG [main] cache:45 - TemplateLoader.findTemplateSource("author-view/author-view_en.ftl"): Not found
2023-04-03 23:00:49,055 DEBUG [main] cache:45 - TemplateLoader.findTemplateSource("author-view/author-view.ftl"): Found
2023-04-03 23:00:49,057 DEBUG [main] cache:45 - Loading template for "author-view/author-view.ftl"("en", UTF-8, parsed) from "jar:file:/C:/Users/HP/.m2/repository/com/aventstack/extentreports/3.1.2/extentreports-3.1.2.jar!/com/aventstack/extentreports/view/html-report/author-view/author-view.ftl"
2023-04-03 23:00:49,066 DEBUG [main] cache:45 - Couldn't find template in cache for "exception-view/exception-view.ftl"("en", UTF-8, parsed); will try to load it.
2023-04-03 23:00:49,073 DEBUG [main] cache:45 - TemplateLoader.findTemplateSource("exception-view/exception-view_en.ftl"): Not found
2023-04-03 23:00:49,080 DEBUG [main] cache:45 - TemplateLoader.findTemplateSource("exception-view/exception-view.ftl"): Found
2023-04-03 23:00:49,087 DEBUG [main] cache:45 - Loading template for "exception-view/exception-view.ftl"("en", UTF-8, parsed) from "jar:file:/C:/Users/HP/.m2/repository/com/aventstack/extentreports/3.1.2/extentreports-3.1.2.jar!/com/aventstack/extentreports/view/html-report/exception-view/exception-view.ftl"
2023-04-03 23:00:49,095 DEBUG [main] cache:45 - Couldn't find template in cache for "dashboard-view/dashboard-view.ftl"("en", UTF-8, parsed); will try to load it.
2023-04-03 23:00:49,096 DEBUG [main] cache:45 - TemplateLoader.findTemplateSource("dashboard-view/dashboard-view_en.ftl"): Not found
2023-04-03 23:00:49,099 DEBUG [main] cache:45 - TemplateLoader.findTemplateSource("dashboard-view/dashboard-view.ftl"): Found
2023-04-03 23:00:49,099 DEBUG [main] cache:45 - Loading template for "dashboard-view/dashboard-view.ftl"("en", UTF-8, parsed) from "jar:file:/C:/Users/HP/.m2/repository/com/aventstack/extentreports/3.1.2/extentreports-3.1.2.jar!/com/aventstack/extentreports/view/html-report/dashboard-view/dashboard-view.ftl"
2023-04-03 23:00:49,123 DEBUG [main] cache:45 - Couldn't find template in cache for "logs-view/testrunner-logs-view.ftl"("en", UTF-8, parsed); will try to load it.
2023-04-03 23:00:49,126 DEBUG [main] cache:45 - TemplateLoader.findTemplateSource("logs-view/testrunner-logs-view_en.ftl"): Not found
2023-04-03 23:00:49,130 DEBUG [main] cache:45 - TemplateLoader.findTemplateSource("logs-view/testrunner-logs-view.ftl"): Found
2023-04-03 23:00:49,130 DEBUG [main] cache:45 - Loading template for "logs-view/testrunner-logs-view.ftl"("en", UTF-8, parsed) from "jar:file:/C:/Users/HP/.m2/repository/com/aventstack/extentreports/3.1.2/extentreports-3.1.2.jar!/com/aventstack/extentreports/view/html-report/logs-view/testrunner-logs-view.ftl"
2023-04-10 21:21:37,479  INFO [main] swaglabs:55 - checkusernme
2023-04-10 21:21:37,587  INFO [main] swaglabs:57 - check pass
2023-04-10 21:21:37,754  INFO [main] swaglabs:61 - check menu
2023-04-10 21:21:37,881  INFO [main] swaglabs:63 - check logout
2023-04-10 21:21:38,115  INFO [main] swaglabs:55 - checkusernme
2023-04-10 21:21:38,230  INFO [main] swaglabs:57 - check pass
2023-04-10 21:21:38,399  INFO [main] swaglabs:61 - check menu
2023-04-10 21:21:38,546  INFO [main] swaglabs:63 - check logout
2023-04-10 21:21:38,878  INFO [main] swaglabs:55 - checkusernme
2023-04-10 21:21:39,132  INFO [main] swaglabs:57 - check pass
2023-04-10 21:21:39,332  INFO [main] swaglabs:61 - check menu
2023-04-10 21:21:39,501  INFO [main] swaglabs:63 - check logout
2023-04-10 21:21:39,827  INFO [main] swaglabs:55 - checkusernme
2023-04-10 21:21:39,989  INFO [main] swaglabs:57 - check pass
2023-04-10 21:21:40,245  INFO [main] swaglabs:61 - check menu
2023-04-10 21:21:40,403  INFO [main] swaglabs:63 - check logout
2023-04-10 21:21:40,698  INFO [main] swaglabs:55 - checkusernme
2023-04-10 21:21:40,819  INFO [main] swaglabs:57 - check pass
2023-04-10 21:21:40,997  INFO [main] swaglabs:61 - check menu
2023-04-10 21:21:41,178  INFO [main] swaglabs:63 - check logout
2023-04-10 21:21:41,436  INFO [main] swaglabs:55 - checkusernme
2023-04-10 21:21:41,562  INFO [main] swaglabs:57 - check pass
2023-04-10 21:21:41,734  INFO [main] swaglabs:61 - check menu
2023-04-10 21:21:41,895  INFO [main] swaglabs:63 - check logout
2023-04-11 00:19:42,403  INFO [main] swaglabs:55 - checkusernme
2023-04-11 00:19:42,692  INFO [main] swaglabs:57 - check pass
2023-04-11 00:19:42,994  INFO [main] swaglabs:61 - check menu
2023-04-11 00:19:43,116  INFO [main] swaglabs:63 - check logout
2023-04-11 00:19:43,543  INFO [main] swaglabs:55 - checkusernme
2023-04-11 00:19:43,807  INFO [main] swaglabs:57 - check pass
2023-04-11 00:19:44,085  INFO [main] swaglabs:61 - check menu
2023-04-11 00:19:44,249  INFO [main] swaglabs:63 - check logout
2023-04-11 00:19:45,054  INFO [main] swaglabs:55 - checkusernme
2023-04-11 00:19:45,508  INFO [main] swaglabs:57 - check pass
2023-04-11 00:19:45,902  INFO [main] swaglabs:61 - check menu
2023-04-11 00:19:46,032  INFO [main] swaglabs:63 - check logout
2023-04-11 00:19:46,550  INFO [main] swaglabs:55 - checkusernme
2023-04-11 00:19:46,749  INFO [main] swaglabs:57 - check pass
2023-04-11 00:19:47,000  INFO [main] swaglabs:61 - check menu
2023-04-11 00:19:47,177  INFO [main] swaglabs:63 - check logout
2023-04-11 00:19:47,593  INFO [main] swaglabs:55 - checkusernme
2023-04-11 00:19:47,778  INFO [main] swaglabs:57 - check pass
2023-04-11 00:19:48,031  INFO [main] swaglabs:61 - check menu
2023-04-11 00:19:48,143  INFO [main] swaglabs:63 - check logout
2023-04-11 00:19:48,546  INFO [main] swaglabs:55 - checkusernme
2023-04-11 00:19:48,732  INFO [main] swaglabs:57 - check pass
2023-04-11 00:19:49,008  INFO [main] swaglabs:61 - check menu
2023-04-11 00:19:49,135  INFO [main] swaglabs:63 - check logout
2023-04-11 00:19:57,454 DEBUG [main] cache:45 - Couldn't find template in cache for "index.ftl"("en", UTF-8, parsed); will try to load it.
2023-04-11 00:19:57,458 DEBUG [main] cache:45 - TemplateLoader.findTemplateSource("index_en.ftl"): Not found
2023-04-11 00:19:57,462 DEBUG [main] cache:45 - TemplateLoader.findTemplateSource("index.ftl"): Found
2023-04-11 00:19:57,463 DEBUG [main] cache:45 - Loading template for "index.ftl"("en", UTF-8, parsed) from "jar:file:/C:/Users/HP/.m2/repository/com/aventstack/extentreports/3.1.2/extentreports-3.1.2.jar!/com/aventstack/extentreports/view/html-report/index.ftl"
2023-04-11 00:19:57,872 DEBUG [main] cache:45 - Couldn't find template in cache for "head.ftl"("en", UTF-8, parsed); will try to load it.
2023-04-11 00:19:57,874 DEBUG [main] cache:45 - TemplateLoader.findTemplateSource("head_en.ftl"): Not found
2023-04-11 00:19:57,875 DEBUG [main] cache:45 - TemplateLoader.findTemplateSource("head.ftl"): Found
2023-04-11 00:19:57,876 DEBUG [main] cache:45 - Loading template for "head.ftl"("en", UTF-8, parsed) from "jar:file:/C:/Users/HP/.m2/repository/com/aventstack/extentreports/3.1.2/extentreports-3.1.2.jar!/com/aventstack/extentreports/view/html-report/head.ftl"
2023-04-11 00:19:57,881 DEBUG [main] cache:45 - Couldn't find template in cache for "nav.ftl"("en", UTF-8, parsed); will try to load it.
2023-04-11 00:19:57,884 DEBUG [main] cache:45 - TemplateLoader.findTemplateSource("nav_en.ftl"): Not found
2023-04-11 00:19:57,885 DEBUG [main] cache:45 - TemplateLoader.findTemplateSource("nav.ftl"): Found
2023-04-11 00:19:57,885 DEBUG [main] cache:45 - Loading template for "nav.ftl"("en", UTF-8, parsed) from "jar:file:/C:/Users/HP/.m2/repository/com/aventstack/extentreports/3.1.2/extentreports-3.1.2.jar!/com/aventstack/extentreports/view/html-report/nav.ftl"
2023-04-11 00:19:57,900 DEBUG [main] cache:45 - Couldn't find template in cache for "test-view/test-view.ftl"("en", UTF-8, parsed); will try to load it.
2023-04-11 00:19:57,901 DEBUG [main] cache:45 - TemplateLoader.findTemplateSource("test-view/test-view_en.ftl"): Not found
2023-04-11 00:19:57,908 DEBUG [main] cache:45 - TemplateLoader.findTemplateSource("test-view/test-view.ftl"): Found
2023-04-11 00:19:57,911 DEBUG [main] cache:45 - Loading template for "test-view/test-view.ftl"("en", UTF-8, parsed) from "jar:file:/C:/Users/HP/.m2/repository/com/aventstack/extentreports/3.1.2/extentreports-3.1.2.jar!/com/aventstack/extentreports/view/html-report/test-view/test-view.ftl"
2023-04-11 00:19:57,934 DEBUG [main] cache:45 - Couldn't find template in cache for "test-view/test-view-charts.ftl"("en", UTF-8, parsed); will try to load it.
2023-04-11 00:19:57,935 DEBUG [main] cache:45 - TemplateLoader.findTemplateSource("test-view/test-view-charts_en.ftl"): Not found
2023-04-11 00:19:57,936 DEBUG [main] cache:45 - TemplateLoader.findTemplateSource("test-view/test-view-charts.ftl"): Found
2023-04-11 00:19:57,938 DEBUG [main] cache:45 - Loading template for "test-view/test-view-charts.ftl"("en", UTF-8, parsed) from "jar:file:/C:/Users/HP/.m2/repository/com/aventstack/extentreports/3.1.2/extentreports-3.1.2.jar!/com/aventstack/extentreports/view/html-report/test-view/test-view-charts.ftl"
2023-04-11 00:19:57,967 DEBUG [main] cache:45 - Couldn't find template in cache for "test-view/standard.ftl"("en", UTF-8, parsed); will try to load it.
2023-04-11 00:19:57,968 DEBUG [main] cache:45 - TemplateLoader.findTemplateSource("test-view/standard_en.ftl"): Not found
2023-04-11 00:19:57,970 DEBUG [main] cache:45 - TemplateLoader.findTemplateSource("test-view/standard.ftl"): Found
2023-04-11 00:19:57,970 DEBUG [main] cache:45 - Loading template for "test-view/standard.ftl"("en", UTF-8, parsed) from "jar:file:/C:/Users/HP/.m2/repository/com/aventstack/extentreports/3.1.2/extentreports-3.1.2.jar!/com/aventstack/extentreports/view/html-report/test-view/standard.ftl"
2023-04-11 00:19:58,002 DEBUG [main] cache:45 - "test-view/standard.ftl"("en", UTF-8, parsed) cached copy not yet stale; using cached.
2023-04-11 00:19:58,004 DEBUG [main] cache:45 - "test-view/standard.ftl"("en", UTF-8, parsed) cached copy not yet stale; using cached.
2023-04-11 00:19:58,008 DEBUG [main] cache:45 - "test-view/standard.ftl"("en", UTF-8, parsed) cached copy not yet stale; using cached.
2023-04-11 00:19:58,012 DEBUG [main] cache:45 - "test-view/standard.ftl"("en", UTF-8, parsed) cached copy not yet stale; using cached.
2023-04-11 00:19:58,015 DEBUG [main] cache:45 - "test-view/standard.ftl"("en", UTF-8, parsed) cached copy not yet stale; using cached.
2023-04-11 00:19:58,017 DEBUG [main] cache:45 - "test-view/standard.ftl"("en", UTF-8, parsed) cached copy not yet stale; using cached.
2023-04-11 00:19:58,020 DEBUG [main] cache:45 - "test-view/standard.ftl"("en", UTF-8, parsed) cached copy not yet stale; using cached.
2023-04-11 00:19:58,022 DEBUG [main] cache:45 - "test-view/standard.ftl"("en", UTF-8, parsed) cached copy not yet stale; using cached.
2023-04-11 00:19:58,025 DEBUG [main] cache:45 - "test-view/standard.ftl"("en", UTF-8, parsed) cached copy not yet stale; using cached.
2023-04-11 00:19:58,029 DEBUG [main] cache:45 - "test-view/standard.ftl"("en", UTF-8, parsed) cached copy not yet stale; using cached.
2023-04-11 00:19:58,031 DEBUG [main] cache:45 - "test-view/standard.ftl"("en", UTF-8, parsed) cached copy not yet stale; using cached.
2023-04-11 00:19:58,033 DEBUG [main] cache:45 - "test-view/standard.ftl"("en", UTF-8, parsed) cached copy not yet stale; using cached.
2023-04-11 00:19:58,035 DEBUG [main] cache:45 - "test-view/standard.ftl"("en", UTF-8, parsed) cached copy not yet stale; using cached.
2023-04-11 00:19:58,036 DEBUG [main] cache:45 - "test-view/standard.ftl"("en", UTF-8, parsed) cached copy not yet stale; using cached.
2023-04-11 00:19:58,038 DEBUG [main] cache:45 - "test-view/standard.ftl"("en", UTF-8, parsed) cached copy not yet stale; using cached.
2023-04-11 00:19:58,040 DEBUG [main] cache:45 - "test-view/standard.ftl"("en", UTF-8, parsed) cached copy not yet stale; using cached.
2023-04-11 00:19:58,042 DEBUG [main] cache:45 - "test-view/standard.ftl"("en", UTF-8, parsed) cached copy not yet stale; using cached.
2023-04-11 00:19:58,044 DEBUG [main] cache:45 - "test-view/standard.ftl"("en", UTF-8, parsed) cached copy not yet stale; using cached.
2023-04-11 00:19:58,045 DEBUG [main] cache:45 - "test-view/standard.ftl"("en", UTF-8, parsed) cached copy not yet stale; using cached.
2023-04-11 00:19:58,047 DEBUG [main] cache:45 - "test-view/standard.ftl"("en", UTF-8, parsed) cached copy not yet stale; using cached.
2023-04-11 00:19:58,049 DEBUG [main] cache:45 - "test-view/standard.ftl"("en", UTF-8, parsed) cached copy not yet stale; using cached.
2023-04-11 00:19:58,050 DEBUG [main] cache:45 - Couldn't find template in cache for "category-view/category-view.ftl"("en", UTF-8, parsed); will try to load it.
2023-04-11 00:19:58,051 DEBUG [main] cache:45 - TemplateLoader.findTemplateSource("category-view/category-view_en.ftl"): Not found
2023-04-11 00:19:58,052 DEBUG [main] cache:45 - TemplateLoader.findTemplateSource("category-view/category-view.ftl"): Found
2023-04-11 00:19:58,055 DEBUG [main] cache:45 - Loading template for "category-view/category-view.ftl"("en", UTF-8, parsed) from "jar:file:/C:/Users/HP/.m2/repository/com/aventstack/extentreports/3.1.2/extentreports-3.1.2.jar!/com/aventstack/extentreports/view/html-report/category-view/category-view.ftl"
2023-04-11 00:19:58,066 DEBUG [main] cache:45 - Couldn't find template in cache for "author-view/author-view.ftl"("en", UTF-8, parsed); will try to load it.
2023-04-11 00:19:58,067 DEBUG [main] cache:45 - TemplateLoader.findTemplateSource("author-view/author-view_en.ftl"): Not found
2023-04-11 00:19:58,069 DEBUG [main] cache:45 - TemplateLoader.findTemplateSource("author-view/author-view.ftl"): Found
2023-04-11 00:19:58,070 DEBUG [main] cache:45 - Loading template for "author-view/author-view.ftl"("en", UTF-8, parsed) from "jar:file:/C:/Users/HP/.m2/repository/com/aventstack/extentreports/3.1.2/extentreports-3.1.2.jar!/com/aventstack/extentreports/view/html-report/author-view/author-view.ftl"
2023-04-11 00:19:58,079 DEBUG [main] cache:45 - Couldn't find template in cache for "exception-view/exception-view.ftl"("en", UTF-8, parsed); will try to load it.
2023-04-11 00:19:58,080 DEBUG [main] cache:45 - TemplateLoader.findTemplateSource("exception-view/exception-view_en.ftl"): Not found
2023-04-11 00:19:58,081 DEBUG [main] cache:45 - TemplateLoader.findTemplateSource("exception-view/exception-view.ftl"): Found
2023-04-11 00:19:58,082 DEBUG [main] cache:45 - Loading template for "exception-view/exception-view.ftl"("en", UTF-8, parsed) from "jar:file:/C:/Users/HP/.m2/repository/com/aventstack/extentreports/3.1.2/extentreports-3.1.2.jar!/com/aventstack/extentreports/view/html-report/exception-view/exception-view.ftl"
2023-04-11 00:19:58,088 DEBUG [main] cache:45 - Couldn't find template in cache for "dashboard-view/dashboard-view.ftl"("en", UTF-8, parsed); will try to load it.
2023-04-11 00:19:58,091 DEBUG [main] cache:45 - TemplateLoader.findTemplateSource("dashboard-view/dashboard-view_en.ftl"): Not found
2023-04-11 00:19:58,093 DEBUG [main] cache:45 - TemplateLoader.findTemplateSource("dashboard-view/dashboard-view.ftl"): Found
2023-04-11 00:19:58,094 DEBUG [main] cache:45 - Loading template for "dashboard-view/dashboard-view.ftl"("en", UTF-8, parsed) from "jar:file:/C:/Users/HP/.m2/repository/com/aventstack/extentreports/3.1.2/extentreports-3.1.2.jar!/com/aventstack/extentreports/view/html-report/dashboard-view/dashboard-view.ftl"
2023-04-11 00:19:58,126 DEBUG [main] cache:45 - Couldn't find template in cache for "logs-view/testrunner-logs-view.ftl"("en", UTF-8, parsed); will try to load it.
2023-04-11 00:19:58,127 DEBUG [main] cache:45 - TemplateLoader.findTemplateSource("logs-view/testrunner-logs-view_en.ftl"): Not found
2023-04-11 00:19:58,129 DEBUG [main] cache:45 - TemplateLoader.findTemplateSource("logs-view/testrunner-logs-view.ftl"): Found
2023-04-11 00:19:58,129 DEBUG [main] cache:45 - Loading template for "logs-view/testrunner-logs-view.ftl"("en", UTF-8, parsed) from "jar:file:/C:/Users/HP/.m2/repository/com/aventstack/extentreports/3.1.2/extentreports-3.1.2.jar!/com/aventstack/extentreports/view/html-report/logs-view/testrunner-logs-view.ftl"
2023-04-11 07:03:19,006  INFO [main] swaglabs:55 - checkusernme
2023-04-11 07:03:19,237  INFO [main] swaglabs:57 - check pass
2023-04-11 07:03:19,533  INFO [main] swaglabs:61 - check menu
2023-04-11 07:03:19,650  INFO [main] swaglabs:63 - check logout
2023-04-11 07:03:20,017  INFO [main] swaglabs:55 - checkusernme
2023-04-11 07:03:20,194  INFO [main] swaglabs:57 - check pass
2023-04-11 07:03:20,441  INFO [main] swaglabs:61 - check menu
2023-04-11 07:03:20,591  INFO [main] swaglabs:63 - check logout
2023-04-11 07:03:20,969  INFO [main] swaglabs:55 - checkusernme
2023-04-11 07:03:21,153  INFO [main] swaglabs:57 - check pass
2023-04-11 07:03:21,367  INFO [main] swaglabs:61 - check menu
2023-04-11 07:03:21,526  INFO [main] swaglabs:63 - check logout
2023-04-11 07:03:21,837  INFO [main] swaglabs:55 - checkusernme
2023-04-11 07:03:21,994  INFO [main] swaglabs:57 - check pass
2023-04-11 07:03:22,218  INFO [main] swaglabs:61 - check menu
2023-04-11 07:03:22,396  INFO [main] swaglabs:63 - check logout
2023-04-11 07:03:22,829  INFO [main] swaglabs:55 - checkusernme
2023-04-11 07:03:22,997  INFO [main] swaglabs:57 - check pass
2023-04-11 07:03:23,211  INFO [main] swaglabs:61 - check menu
2023-04-11 07:03:23,327  INFO [main] swaglabs:63 - check logout
2023-04-11 07:03:23,645  INFO [main] swaglabs:55 - checkusernme
2023-04-11 07:03:23,796  INFO [main] swaglabs:57 - check pass
2023-04-11 07:03:24,023  INFO [main] swaglabs:61 - check menu
2023-04-11 07:03:24,252  INFO [main] swaglabs:63 - check logout
2023-04-11 07:03:32,825 DEBUG [main] cache:45 - Couldn't find template in cache for "index.ftl"("en", UTF-8, parsed); will try to load it.
2023-04-11 07:03:32,827 DEBUG [main] cache:45 - TemplateLoader.findTemplateSource("index_en.ftl"): Not found
2023-04-11 07:03:32,832 DEBUG [main] cache:45 - TemplateLoader.findTemplateSource("index.ftl"): Found
2023-04-11 07:03:32,833 DEBUG [main] cache:45 - Loading template for "index.ftl"("en", UTF-8, parsed) from "jar:file:/C:/Users/HP/.m2/repository/com/aventstack/extentreports/3.1.2/extentreports-3.1.2.jar!/com/aventstack/extentreports/view/html-report/index.ftl"
2023-04-11 07:03:33,188 DEBUG [main] cache:45 - Couldn't find template in cache for "head.ftl"("en", UTF-8, parsed); will try to load it.
2023-04-11 07:03:33,190 DEBUG [main] cache:45 - TemplateLoader.findTemplateSource("head_en.ftl"): Not found
2023-04-11 07:03:33,192 DEBUG [main] cache:45 - TemplateLoader.findTemplateSource("head.ftl"): Found
2023-04-11 07:03:33,193 DEBUG [main] cache:45 - Loading template for "head.ftl"("en", UTF-8, parsed) from "jar:file:/C:/Users/HP/.m2/repository/com/aventstack/extentreports/3.1.2/extentreports-3.1.2.jar!/com/aventstack/extentreports/view/html-report/head.ftl"
2023-04-11 07:03:33,200 DEBUG [main] cache:45 - Couldn't find template in cache for "nav.ftl"("en", UTF-8, parsed); will try to load it.
2023-04-11 07:03:33,201 DEBUG [main] cache:45 - TemplateLoader.findTemplateSource("nav_en.ftl"): Not found
2023-04-11 07:03:33,202 DEBUG [main] cache:45 - TemplateLoader.findTemplateSource("nav.ftl"): Found
2023-04-11 07:03:33,203 DEBUG [main] cache:45 - Loading template for "nav.ftl"("en", UTF-8, parsed) from "jar:file:/C:/Users/HP/.m2/repository/com/aventstack/extentreports/3.1.2/extentreports-3.1.2.jar!/com/aventstack/extentreports/view/html-report/nav.ftl"
2023-04-11 07:03:33,224 DEBUG [main] cache:45 - Couldn't find template in cache for "test-view/test-view.ftl"("en", UTF-8, parsed); will try to load it.
2023-04-11 07:03:33,226 DEBUG [main] cache:45 - TemplateLoader.findTemplateSource("test-view/test-view_en.ftl"): Not found
2023-04-11 07:03:33,231 DEBUG [main] cache:45 - TemplateLoader.findTemplateSource("test-view/test-view.ftl"): Found
2023-04-11 07:03:33,235 DEBUG [main] cache:45 - Loading template for "test-view/test-view.ftl"("en", UTF-8, parsed) from "jar:file:/C:/Users/HP/.m2/repository/com/aventstack/extentreports/3.1.2/extentreports-3.1.2.jar!/com/aventstack/extentreports/view/html-report/test-view/test-view.ftl"
2023-04-11 07:03:33,253 DEBUG [main] cache:45 - Couldn't find template in cache for "test-view/test-view-charts.ftl"("en", UTF-8, parsed); will try to load it.
2023-04-11 07:03:33,260 DEBUG [main] cache:45 - TemplateLoader.findTemplateSource("test-view/test-view-charts_en.ftl"): Not found
2023-04-11 07:03:33,269 DEBUG [main] cache:45 - TemplateLoader.findTemplateSource("test-view/test-view-charts.ftl"): Found
2023-04-11 07:03:33,270 DEBUG [main] cache:45 - Loading template for "test-view/test-view-charts.ftl"("en", UTF-8, parsed) from "jar:file:/C:/Users/HP/.m2/repository/com/aventstack/extentreports/3.1.2/extentreports-3.1.2.jar!/com/aventstack/extentreports/view/html-report/test-view/test-view-charts.ftl"
2023-04-11 07:03:33,299 DEBUG [main] cache:45 - Couldn't find template in cache for "test-view/standard.ftl"("en", UTF-8, parsed); will try to load it.
2023-04-11 07:03:33,300 DEBUG [main] cache:45 - TemplateLoader.findTemplateSource("test-view/standard_en.ftl"): Not found
2023-04-11 07:03:33,307 DEBUG [main] cache:45 - TemplateLoader.findTemplateSource("test-view/standard.ftl"): Found
2023-04-11 07:03:33,309 DEBUG [main] cache:45 - Loading template for "test-view/standard.ftl"("en", UTF-8, parsed) from "jar:file:/C:/Users/HP/.m2/repository/com/aventstack/extentreports/3.1.2/extentreports-3.1.2.jar!/com/aventstack/extentreports/view/html-report/test-view/standard.ftl"
2023-04-11 07:03:33,349 DEBUG [main] cache:45 - "test-view/standard.ftl"("en", UTF-8, parsed) cached copy not yet stale; using cached.
2023-04-11 07:03:33,355 DEBUG [main] cache:45 - "test-view/standard.ftl"("en", UTF-8, parsed) cached copy not yet stale; using cached.
2023-04-11 07:03:33,362 DEBUG [main] cache:45 - "test-view/standard.ftl"("en", UTF-8, parsed) cached copy not yet stale; using cached.
2023-04-11 07:03:33,366 DEBUG [main] cache:45 - "test-view/standard.ftl"("en", UTF-8, parsed) cached copy not yet stale; using cached.
2023-04-11 07:03:33,374 DEBUG [main] cache:45 - "test-view/standard.ftl"("en", UTF-8, parsed) cached copy not yet stale; using cached.
2023-04-11 07:03:33,386 DEBUG [main] cache:45 - "test-view/standard.ftl"("en", UTF-8, parsed) cached copy not yet stale; using cached.
2023-04-11 07:03:33,392 DEBUG [main] cache:45 - "test-view/standard.ftl"("en", UTF-8, parsed) cached copy not yet stale; using cached.
2023-04-11 07:03:33,409 DEBUG [main] cache:45 - "test-view/standard.ftl"("en", UTF-8, parsed) cached copy not yet stale; using cached.
2023-04-11 07:03:33,415 DEBUG [main] cache:45 - "test-view/standard.ftl"("en", UTF-8, parsed) cached copy not yet stale; using cached.
2023-04-11 07:03:33,417 DEBUG [main] cache:45 - "test-view/standard.ftl"("en", UTF-8, parsed) cached copy not yet stale; using cached.
2023-04-11 07:03:33,421 DEBUG [main] cache:45 - "test-view/standard.ftl"("en", UTF-8, parsed) cached copy not yet stale; using cached.
2023-04-11 07:03:33,424 DEBUG [main] cache:45 - "test-view/standard.ftl"("en", UTF-8, parsed) cached copy not yet stale; using cached.
2023-04-11 07:03:33,427 DEBUG [main] cache:45 - "test-view/standard.ftl"("en", UTF-8, parsed) cached copy not yet stale; using cached.
2023-04-11 07:03:33,429 DEBUG [main] cache:45 - "test-view/standard.ftl"("en", UTF-8, parsed) cached copy not yet stale; using cached.
2023-04-11 07:03:33,431 DEBUG [main] cache:45 - "test-view/standard.ftl"("en", UTF-8, parsed) cached copy not yet stale; using cached.
2023-04-11 07:03:33,434 DEBUG [main] cache:45 - "test-view/standard.ftl"("en", UTF-8, parsed) cached copy not yet stale; using cached.
2023-04-11 07:03:33,441 DEBUG [main] cache:45 - "test-view/standard.ftl"("en", UTF-8, parsed) cached copy not yet stale; using cached.
2023-04-11 07:03:33,443 DEBUG [main] cache:45 - "test-view/standard.ftl"("en", UTF-8, parsed) cached copy not yet stale; using cached.
2023-04-11 07:03:33,445 DEBUG [main] cache:45 - "test-view/standard.ftl"("en", UTF-8, parsed) cached copy not yet stale; using cached.
2023-04-11 07:03:33,448 DEBUG [main] cache:45 - "test-view/standard.ftl"("en", UTF-8, parsed) cached copy not yet stale; using cached.
2023-04-11 07:03:33,450 DEBUG [main] cache:45 - "test-view/standard.ftl"("en", UTF-8, parsed) cached copy not yet stale; using cached.
2023-04-11 07:03:33,452 DEBUG [main] cache:45 - Couldn't find template in cache for "category-view/category-view.ftl"("en", UTF-8, parsed); will try to load it.
2023-04-11 07:03:33,454 DEBUG [main] cache:45 - TemplateLoader.findTemplateSource("category-view/category-view_en.ftl"): Not found
2023-04-11 07:03:33,456 DEBUG [main] cache:45 - TemplateLoader.findTemplateSource("category-view/category-view.ftl"): Found
2023-04-11 07:03:33,457 DEBUG [main] cache:45 - Loading template for "category-view/category-view.ftl"("en", UTF-8, parsed) from "jar:file:/C:/Users/HP/.m2/repository/com/aventstack/extentreports/3.1.2/extentreports-3.1.2.jar!/com/aventstack/extentreports/view/html-report/category-view/category-view.ftl"
2023-04-11 07:03:33,465 DEBUG [main] cache:45 - Couldn't find template in cache for "author-view/author-view.ftl"("en", UTF-8, parsed); will try to load it.
2023-04-11 07:03:33,466 DEBUG [main] cache:45 - TemplateLoader.findTemplateSource("author-view/author-view_en.ftl"): Not found
2023-04-11 07:03:33,477 DEBUG [main] cache:45 - TemplateLoader.findTemplateSource("author-view/author-view.ftl"): Found
2023-04-11 07:03:33,481 DEBUG [main] cache:45 - Loading template for "author-view/author-view.ftl"("en", UTF-8, parsed) from "jar:file:/C:/Users/HP/.m2/repository/com/aventstack/extentreports/3.1.2/extentreports-3.1.2.jar!/com/aventstack/extentreports/view/html-report/author-view/author-view.ftl"
2023-04-11 07:03:33,494 DEBUG [main] cache:45 - Couldn't find template in cache for "exception-view/exception-view.ftl"("en", UTF-8, parsed); will try to load it.
2023-04-11 07:03:33,498 DEBUG [main] cache:45 - TemplateLoader.findTemplateSource("exception-view/exception-view_en.ftl"): Not found
2023-04-11 07:03:33,501 DEBUG [main] cache:45 - TemplateLoader.findTemplateSource("exception-view/exception-view.ftl"): Found
2023-04-11 07:03:33,502 DEBUG [main] cache:45 - Loading template for "exception-view/exception-view.ftl"("en", UTF-8, parsed) from "jar:file:/C:/Users/HP/.m2/repository/com/aventstack/extentreports/3.1.2/extentreports-3.1.2.jar!/com/aventstack/extentreports/view/html-report/exception-view/exception-view.ftl"
2023-04-11 07:03:33,515 DEBUG [main] cache:45 - Couldn't find template in cache for "dashboard-view/dashboard-view.ftl"("en", UTF-8, parsed); will try to load it.
2023-04-11 07:03:33,516 DEBUG [main] cache:45 - TemplateLoader.findTemplateSource("dashboard-view/dashboard-view_en.ftl"): Not found
2023-04-11 07:03:33,517 DEBUG [main] cache:45 - TemplateLoader.findTemplateSource("dashboard-view/dashboard-view.ftl"): Found
2023-04-11 07:03:33,518 DEBUG [main] cache:45 - Loading template for "dashboard-view/dashboard-view.ftl"("en", UTF-8, parsed) from "jar:file:/C:/Users/HP/.m2/repository/com/aventstack/extentreports/3.1.2/extentreports-3.1.2.jar!/com/aventstack/extentreports/view/html-report/dashboard-view/dashboard-view.ftl"
2023-04-11 07:03:33,546 DEBUG [main] cache:45 - Couldn't find template in cache for "logs-view/testrunner-logs-view.ftl"("en", UTF-8, parsed); will try to load it.
2023-04-11 07:03:33,549 DEBUG [main] cache:45 - TemplateLoader.findTemplateSource("logs-view/testrunner-logs-view_en.ftl"): Not found
2023-04-11 07:03:33,552 DEBUG [main] cache:45 - TemplateLoader.findTemplateSource("logs-view/testrunner-logs-view.ftl"): Found
2023-04-11 07:03:33,560 DEBUG [main] cache:45 - Loading template for "logs-view/testrunner-logs-view.ftl"("en", UTF-8, parsed) from "jar:file:/C:/Users/HP/.m2/repository/com/aventstack/extentreports/3.1.2/extentreports-3.1.2.jar!/com/aventstack/extentreports/view/html-report/logs-view/testrunner-logs-view.ftl"
2023-04-11 07:43:35,822  INFO [main] swaglabs:55 - checkusernme
2023-04-11 07:43:36,002  INFO [main] swaglabs:57 - check pass
2023-04-11 07:43:36,270  INFO [main] swaglabs:61 - check menu
2023-04-11 07:43:36,399  INFO [main] swaglabs:63 - check logout
2023-04-11 07:43:36,871  INFO [main] swaglabs:55 - checkusernme
2023-04-11 07:43:37,149  INFO [main] swaglabs:57 - check pass
2023-04-11 07:43:37,422  INFO [main] swaglabs:61 - check menu
2023-04-11 07:43:37,691  INFO [main] swaglabs:63 - check logout
2023-04-11 07:43:38,114  INFO [main] swaglabs:55 - checkusernme
2023-04-11 07:43:38,355  INFO [main] swaglabs:57 - check pass
2023-04-11 07:43:38,731  INFO [main] swaglabs:61 - check menu
2023-04-11 07:43:38,865  INFO [main] swaglabs:63 - check logout
2023-04-11 07:43:39,285  INFO [main] swaglabs:55 - checkusernme
2023-04-11 07:43:39,472  INFO [main] swaglabs:57 - check pass
2023-04-11 07:43:39,736  INFO [main] swaglabs:61 - check menu
2023-04-11 07:43:39,833  INFO [main] swaglabs:63 - check logout
2023-04-11 07:43:40,200  INFO [main] swaglabs:55 - checkusernme
2023-04-11 07:43:40,381  INFO [main] swaglabs:57 - check pass
2023-04-11 07:43:40,659  INFO [main] swaglabs:61 - check menu
2023-04-11 07:43:40,801  INFO [main] swaglabs:63 - check logout
2023-04-11 07:43:41,227  INFO [main] swaglabs:55 - checkusernme
2023-04-11 07:43:41,407  INFO [main] swaglabs:57 - check pass
2023-04-11 07:43:41,662  INFO [main] swaglabs:61 - check menu
2023-04-11 07:43:41,771  INFO [main] swaglabs:63 - check logout
2023-04-11 07:43:51,282 DEBUG [main] cache:45 - Couldn't find template in cache for "index.ftl"("en", UTF-8, parsed); will try to load it.
2023-04-11 07:43:51,286 DEBUG [main] cache:45 - TemplateLoader.findTemplateSource("index_en.ftl"): Not found
2023-04-11 07:43:51,292 DEBUG [main] cache:45 - TemplateLoader.findTemplateSource("index.ftl"): Found
2023-04-11 07:43:51,294 DEBUG [main] cache:45 - Loading template for "index.ftl"("en", UTF-8, parsed) from "jar:file:/C:/Users/HP/.m2/repository/com/aventstack/extentreports/3.1.2/extentreports-3.1.2.jar!/com/aventstack/extentreports/view/html-report/index.ftl"
2023-04-11 07:43:51,707 DEBUG [main] cache:45 - Couldn't find template in cache for "head.ftl"("en", UTF-8, parsed); will try to load it.
2023-04-11 07:43:51,709 DEBUG [main] cache:45 - TemplateLoader.findTemplateSource("head_en.ftl"): Not found
2023-04-11 07:43:51,711 DEBUG [main] cache:45 - TemplateLoader.findTemplateSource("head.ftl"): Found
2023-04-11 07:43:51,712 DEBUG [main] cache:45 - Loading template for "head.ftl"("en", UTF-8, parsed) from "jar:file:/C:/Users/HP/.m2/repository/com/aventstack/extentreports/3.1.2/extentreports-3.1.2.jar!/com/aventstack/extentreports/view/html-report/head.ftl"
2023-04-11 07:43:51,722 DEBUG [main] cache:45 - Couldn't find template in cache for "nav.ftl"("en", UTF-8, parsed); will try to load it.
2023-04-11 07:43:51,726 DEBUG [main] cache:45 - TemplateLoader.findTemplateSource("nav_en.ftl"): Not found
2023-04-11 07:43:51,727 DEBUG [main] cache:45 - TemplateLoader.findTemplateSource("nav.ftl"): Found
2023-04-11 07:43:51,729 DEBUG [main] cache:45 - Loading template for "nav.ftl"("en", UTF-8, parsed) from "jar:file:/C:/Users/HP/.m2/repository/com/aventstack/extentreports/3.1.2/extentreports-3.1.2.jar!/com/aventstack/extentreports/view/html-report/nav.ftl"
2023-04-11 07:43:51,744 DEBUG [main] cache:45 - Couldn't find template in cache for "test-view/test-view.ftl"("en", UTF-8, parsed); will try to load it.
2023-04-11 07:43:51,749 DEBUG [main] cache:45 - TemplateLoader.findTemplateSource("test-view/test-view_en.ftl"): Not found
2023-04-11 07:43:51,760 DEBUG [main] cache:45 - TemplateLoader.findTemplateSource("test-view/test-view.ftl"): Found
2023-04-11 07:43:51,761 DEBUG [main] cache:45 - Loading template for "test-view/test-view.ftl"("en", UTF-8, parsed) from "jar:file:/C:/Users/HP/.m2/repository/com/aventstack/extentreports/3.1.2/extentreports-3.1.2.jar!/com/aventstack/extentreports/view/html-report/test-view/test-view.ftl"
2023-04-11 07:43:51,791 DEBUG [main] cache:45 - Couldn't find template in cache for "test-view/test-view-charts.ftl"("en", UTF-8, parsed); will try to load it.
2023-04-11 07:43:51,796 DEBUG [main] cache:45 - TemplateLoader.findTemplateSource("test-view/test-view-charts_en.ftl"): Not found
2023-04-11 07:43:51,800 DEBUG [main] cache:45 - TemplateLoader.findTemplateSource("test-view/test-view-charts.ftl"): Found
2023-04-11 07:43:51,802 DEBUG [main] cache:45 - Loading template for "test-view/test-view-charts.ftl"("en", UTF-8, parsed) from "jar:file:/C:/Users/HP/.m2/repository/com/aventstack/extentreports/3.1.2/extentreports-3.1.2.jar!/com/aventstack/extentreports/view/html-report/test-view/test-view-charts.ftl"
2023-04-11 07:43:51,834 DEBUG [main] cache:45 - Couldn't find template in cache for "test-view/standard.ftl"("en", UTF-8, parsed); will try to load it.
2023-04-11 07:43:51,840 DEBUG [main] cache:45 - TemplateLoader.findTemplateSource("test-view/standard_en.ftl"): Not found
2023-04-11 07:43:51,840 DEBUG [main] cache:45 - TemplateLoader.findTemplateSource("test-view/standard.ftl"): Found
2023-04-11 07:43:51,842 DEBUG [main] cache:45 - Loading template for "test-view/standard.ftl"("en", UTF-8, parsed) from "jar:file:/C:/Users/HP/.m2/repository/com/aventstack/extentreports/3.1.2/extentreports-3.1.2.jar!/com/aventstack/extentreports/view/html-report/test-view/standard.ftl"
2023-04-11 07:43:51,877 DEBUG [main] cache:45 - "test-view/standard.ftl"("en", UTF-8, parsed) cached copy not yet stale; using cached.
2023-04-11 07:43:51,881 DEBUG [main] cache:45 - "test-view/standard.ftl"("en", UTF-8, parsed) cached copy not yet stale; using cached.
2023-04-11 07:43:51,884 DEBUG [main] cache:45 - "test-view/standard.ftl"("en", UTF-8, parsed) cached copy not yet stale; using cached.
2023-04-11 07:43:51,887 DEBUG [main] cache:45 - "test-view/standard.ftl"("en", UTF-8, parsed) cached copy not yet stale; using cached.
2023-04-11 07:43:51,890 DEBUG [main] cache:45 - "test-view/standard.ftl"("en", UTF-8, parsed) cached copy not yet stale; using cached.
2023-04-11 07:43:51,899 DEBUG [main] cache:45 - "test-view/standard.ftl"("en", UTF-8, parsed) cached copy not yet stale; using cached.
2023-04-11 07:43:51,909 DEBUG [main] cache:45 - "test-view/standard.ftl"("en", UTF-8, parsed) cached copy not yet stale; using cached.
2023-04-11 07:43:51,915 DEBUG [main] cache:45 - "test-view/standard.ftl"("en", UTF-8, parsed) cached copy not yet stale; using cached.
2023-04-11 07:43:51,919 DEBUG [main] cache:45 - "test-view/standard.ftl"("en", UTF-8, parsed) cached copy not yet stale; using cached.
2023-04-11 07:43:51,923 DEBUG [main] cache:45 - "test-view/standard.ftl"("en", UTF-8, parsed) cached copy not yet stale; using cached.
2023-04-11 07:43:51,928 DEBUG [main] cache:45 - "test-view/standard.ftl"("en", UTF-8, parsed) cached copy not yet stale; using cached.
2023-04-11 07:43:51,933 DEBUG [main] cache:45 - "test-view/standard.ftl"("en", UTF-8, parsed) cached copy not yet stale; using cached.
2023-04-11 07:43:51,936 DEBUG [main] cache:45 - "test-view/standard.ftl"("en", UTF-8, parsed) cached copy not yet stale; using cached.
2023-04-11 07:43:51,938 DEBUG [main] cache:45 - "test-view/standard.ftl"("en", UTF-8, parsed) cached copy not yet stale; using cached.
2023-04-11 07:43:51,939 DEBUG [main] cache:45 - "test-view/standard.ftl"("en", UTF-8, parsed) cached copy not yet stale; using cached.
2023-04-11 07:43:51,941 DEBUG [main] cache:45 - "test-view/standard.ftl"("en", UTF-8, parsed) cached copy not yet stale; using cached.
2023-04-11 07:43:51,943 DEBUG [main] cache:45 - "test-view/standard.ftl"("en", UTF-8, parsed) cached copy not yet stale; using cached.
2023-04-11 07:43:51,946 DEBUG [main] cache:45 - "test-view/standard.ftl"("en", UTF-8, parsed) cached copy not yet stale; using cached.
2023-04-11 07:43:51,949 DEBUG [main] cache:45 - "test-view/standard.ftl"("en", UTF-8, parsed) cached copy not yet stale; using cached.
2023-04-11 07:43:51,951 DEBUG [main] cache:45 - "test-view/standard.ftl"("en", UTF-8, parsed) cached copy not yet stale; using cached.
2023-04-11 07:43:51,956 DEBUG [main] cache:45 - "test-view/standard.ftl"("en", UTF-8, parsed) cached copy not yet stale; using cached.
2023-04-11 07:43:51,958 DEBUG [main] cache:45 - Couldn't find template in cache for "category-view/category-view.ftl"("en", UTF-8, parsed); will try to load it.
2023-04-11 07:43:51,960 DEBUG [main] cache:45 - TemplateLoader.findTemplateSource("category-view/category-view_en.ftl"): Not found
2023-04-11 07:43:51,961 DEBUG [main] cache:45 - TemplateLoader.findTemplateSource("category-view/category-view.ftl"): Found
2023-04-11 07:43:51,964 DEBUG [main] cache:45 - Loading template for "category-view/category-view.ftl"("en", UTF-8, parsed) from "jar:file:/C:/Users/HP/.m2/repository/com/aventstack/extentreports/3.1.2/extentreports-3.1.2.jar!/com/aventstack/extentreports/view/html-report/category-view/category-view.ftl"
2023-04-11 07:43:51,975 DEBUG [main] cache:45 - Couldn't find template in cache for "author-view/author-view.ftl"("en", UTF-8, parsed); will try to load it.
2023-04-11 07:43:51,977 DEBUG [main] cache:45 - TemplateLoader.findTemplateSource("author-view/author-view_en.ftl"): Not found
2023-04-11 07:43:51,981 DEBUG [main] cache:45 - TemplateLoader.findTemplateSource("author-view/author-view.ftl"): Found
2023-04-11 07:43:51,982 DEBUG [main] cache:45 - Loading template for "author-view/author-view.ftl"("en", UTF-8, parsed) from "jar:file:/C:/Users/HP/.m2/repository/com/aventstack/extentreports/3.1.2/extentreports-3.1.2.jar!/com/aventstack/extentreports/view/html-report/author-view/author-view.ftl"
2023-04-11 07:43:51,993 DEBUG [main] cache:45 - Couldn't find template in cache for "exception-view/exception-view.ftl"("en", UTF-8, parsed); will try to load it.
2023-04-11 07:43:51,996 DEBUG [main] cache:45 - TemplateLoader.findTemplateSource("exception-view/exception-view_en.ftl"): Not found
2023-04-11 07:43:51,999 DEBUG [main] cache:45 - TemplateLoader.findTemplateSource("exception-view/exception-view.ftl"): Found
2023-04-11 07:43:52,000 DEBUG [main] cache:45 - Loading template for "exception-view/exception-view.ftl"("en", UTF-8, parsed) from "jar:file:/C:/Users/HP/.m2/repository/com/aventstack/extentreports/3.1.2/extentreports-3.1.2.jar!/com/aventstack/extentreports/view/html-report/exception-view/exception-view.ftl"
2023-04-11 07:43:52,008 DEBUG [main] cache:45 - Couldn't find template in cache for "dashboard-view/dashboard-view.ftl"("en", UTF-8, parsed); will try to load it.
2023-04-11 07:43:52,010 DEBUG [main] cache:45 - TemplateLoader.findTemplateSource("dashboard-view/dashboard-view_en.ftl"): Not found
2023-04-11 07:43:52,013 DEBUG [main] cache:45 - TemplateLoader.findTemplateSource("dashboard-view/dashboard-view.ftl"): Found
2023-04-11 07:43:52,015 DEBUG [main] cache:45 - Loading template for "dashboard-view/dashboard-view.ftl"("en", UTF-8, parsed) from "jar:file:/C:/Users/HP/.m2/repository/com/aventstack/extentreports/3.1.2/extentreports-3.1.2.jar!/com/aventstack/extentreports/view/html-report/dashboard-view/dashboard-view.ftl"
2023-04-11 07:43:52,037 DEBUG [main] cache:45 - Couldn't find template in cache for "logs-view/testrunner-logs-view.ftl"("en", UTF-8, parsed); will try to load it.
2023-04-11 07:43:52,039 DEBUG [main] cache:45 - TemplateLoader.findTemplateSource("logs-view/testrunner-logs-view_en.ftl"): Not found
2023-04-11 07:43:52,047 DEBUG [main] cache:45 - TemplateLoader.findTemplateSource("logs-view/testrunner-logs-view.ftl"): Found
2023-04-11 07:43:52,048 DEBUG [main] cache:45 - Loading template for "logs-view/testrunner-logs-view.ftl"("en", UTF-8, parsed) from "jar:file:/C:/Users/HP/.m2/repository/com/aventstack/extentreports/3.1.2/extentreports-3.1.2.jar!/com/aventstack/extentreports/view/html-report/logs-view/testrunner-logs-view.ftl"
2023-04-11 09:39:07,403  INFO [main] swaglabs:55 - checkusernme
2023-04-11 09:39:07,726  INFO [main] swaglabs:57 - check pass
2023-04-11 09:39:08,306  INFO [main] swaglabs:61 - check menu
2023-04-11 09:39:08,507  INFO [main] swaglabs:63 - check logout
2023-04-11 09:39:09,124  INFO [main] swaglabs:55 - checkusernme
2023-04-11 09:39:09,380  INFO [main] swaglabs:57 - check pass
2023-04-11 09:39:09,922  INFO [main] swaglabs:61 - check menu
2023-04-11 09:39:10,186  INFO [main] swaglabs:63 - check logout
2023-04-11 09:39:10,906  INFO [main] swaglabs:55 - checkusernme
2023-04-11 09:39:11,383  INFO [main] swaglabs:57 - check pass
2023-04-11 09:39:11,830  INFO [main] swaglabs:61 - check menu
2023-04-11 09:39:11,967  INFO [main] swaglabs:63 - check logout
2023-04-11 09:39:12,493  INFO [main] swaglabs:55 - checkusernme
2023-04-11 09:39:12,751  INFO [main] swaglabs:57 - check pass
2023-04-11 09:39:13,157  INFO [main] swaglabs:61 - check menu
2023-04-11 09:39:13,391  INFO [main] swaglabs:63 - check logout
2023-04-11 09:39:14,050  INFO [main] swaglabs:55 - checkusernme
2023-04-11 09:39:14,335  INFO [main] swaglabs:57 - check pass
2023-04-11 09:39:14,710  INFO [main] swaglabs:61 - check menu
2023-04-11 09:39:14,876  INFO [main] swaglabs:63 - check logout
2023-04-11 09:39:15,302  INFO [main] swaglabs:55 - checkusernme
2023-04-11 09:39:15,528  INFO [main] swaglabs:57 - check pass
2023-04-11 09:39:15,818  INFO [main] swaglabs:61 - check menu
2023-04-11 09:39:15,961  INFO [main] swaglabs:63 - check logout
2023-04-11 09:39:27,290 DEBUG [main] cache:45 - Couldn't find template in cache for "index.ftl"("en", UTF-8, parsed); will try to load it.
2023-04-11 09:39:27,294 DEBUG [main] cache:45 - TemplateLoader.findTemplateSource("index_en.ftl"): Not found
2023-04-11 09:39:27,301 DEBUG [main] cache:45 - TemplateLoader.findTemplateSource("index.ftl"): Found
2023-04-11 09:39:27,302 DEBUG [main] cache:45 - Loading template for "index.ftl"("en", UTF-8, parsed) from "jar:file:/C:/Users/HP/.m2/repository/com/aventstack/extentreports/3.1.2/extentreports-3.1.2.jar!/com/aventstack/extentreports/view/html-report/index.ftl"
2023-04-11 09:39:28,927 DEBUG [main] cache:45 - Couldn't find template in cache for "head.ftl"("en", UTF-8, parsed); will try to load it.
2023-04-11 09:39:28,930 DEBUG [main] cache:45 - TemplateLoader.findTemplateSource("head_en.ftl"): Not found
2023-04-11 09:39:28,932 DEBUG [main] cache:45 - TemplateLoader.findTemplateSource("head.ftl"): Found
2023-04-11 09:39:28,933 DEBUG [main] cache:45 - Loading template for "head.ftl"("en", UTF-8, parsed) from "jar:file:/C:/Users/HP/.m2/repository/com/aventstack/extentreports/3.1.2/extentreports-3.1.2.jar!/com/aventstack/extentreports/view/html-report/head.ftl"
2023-04-11 09:39:28,945 DEBUG [main] cache:45 - Couldn't find template in cache for "nav.ftl"("en", UTF-8, parsed); will try to load it.
2023-04-11 09:39:28,948 DEBUG [main] cache:45 - TemplateLoader.findTemplateSource("nav_en.ftl"): Not found
2023-04-11 09:39:28,951 DEBUG [main] cache:45 - TemplateLoader.findTemplateSource("nav.ftl"): Found
2023-04-11 09:39:28,952 DEBUG [main] cache:45 - Loading template for "nav.ftl"("en", UTF-8, parsed) from "jar:file:/C:/Users/HP/.m2/repository/com/aventstack/extentreports/3.1.2/extentreports-3.1.2.jar!/com/aventstack/extentreports/view/html-report/nav.ftl"
2023-04-11 09:39:28,970 DEBUG [main] cache:45 - Couldn't find template in cache for "test-view/test-view.ftl"("en", UTF-8, parsed); will try to load it.
2023-04-11 09:39:28,972 DEBUG [main] cache:45 - TemplateLoader.findTemplateSource("test-view/test-view_en.ftl"): Not found
2023-04-11 09:39:28,979 DEBUG [main] cache:45 - TemplateLoader.findTemplateSource("test-view/test-view.ftl"): Found
2023-04-11 09:39:28,984 DEBUG [main] cache:45 - Loading template for "test-view/test-view.ftl"("en", UTF-8, parsed) from "jar:file:/C:/Users/HP/.m2/repository/com/aventstack/extentreports/3.1.2/extentreports-3.1.2.jar!/com/aventstack/extentreports/view/html-report/test-view/test-view.ftl"
2023-04-11 09:39:29,015 DEBUG [main] cache:45 - Couldn't find template in cache for "test-view/test-view-charts.ftl"("en", UTF-8, parsed); will try to load it.
2023-04-11 09:39:29,018 DEBUG [main] cache:45 - TemplateLoader.findTemplateSource("test-view/test-view-charts_en.ftl"): Not found
2023-04-11 09:39:29,021 DEBUG [main] cache:45 - TemplateLoader.findTemplateSource("test-view/test-view-charts.ftl"): Found
2023-04-11 09:39:29,026 DEBUG [main] cache:45 - Loading template for "test-view/test-view-charts.ftl"("en", UTF-8, parsed) from "jar:file:/C:/Users/HP/.m2/repository/com/aventstack/extentreports/3.1.2/extentreports-3.1.2.jar!/com/aventstack/extentreports/view/html-report/test-view/test-view-charts.ftl"
2023-04-11 09:39:29,081 DEBUG [main] cache:45 - Couldn't find template in cache for "test-view/standard.ftl"("en", UTF-8, parsed); will try to load it.
2023-04-11 09:39:29,082 DEBUG [main] cache:45 - TemplateLoader.findTemplateSource("test-view/standard_en.ftl"): Not found
2023-04-11 09:39:29,083 DEBUG [main] cache:45 - TemplateLoader.findTemplateSource("test-view/standard.ftl"): Found
2023-04-11 09:39:29,084 DEBUG [main] cache:45 - Loading template for "test-view/standard.ftl"("en", UTF-8, parsed) from "jar:file:/C:/Users/HP/.m2/repository/com/aventstack/extentreports/3.1.2/extentreports-3.1.2.jar!/com/aventstack/extentreports/view/html-report/test-view/standard.ftl"
2023-04-11 09:39:29,132 DEBUG [main] cache:45 - "test-view/standard.ftl"("en", UTF-8, parsed) cached copy not yet stale; using cached.
2023-04-11 09:39:29,141 DEBUG [main] cache:45 - "test-view/standard.ftl"("en", UTF-8, parsed) cached copy not yet stale; using cached.
2023-04-11 09:39:29,146 DEBUG [main] cache:45 - "test-view/standard.ftl"("en", UTF-8, parsed) cached copy not yet stale; using cached.
2023-04-11 09:39:29,152 DEBUG [main] cache:45 - "test-view/standard.ftl"("en", UTF-8, parsed) cached copy not yet stale; using cached.
2023-04-11 09:39:29,157 DEBUG [main] cache:45 - "test-view/standard.ftl"("en", UTF-8, parsed) cached copy not yet stale; using cached.
2023-04-11 09:39:29,162 DEBUG [main] cache:45 - "test-view/standard.ftl"("en", UTF-8, parsed) cached copy not yet stale; using cached.
2023-04-11 09:39:29,165 DEBUG [main] cache:45 - "test-view/standard.ftl"("en", UTF-8, parsed) cached copy not yet stale; using cached.
2023-04-11 09:39:29,176 DEBUG [main] cache:45 - "test-view/standard.ftl"("en", UTF-8, parsed) cached copy not yet stale; using cached.
2023-04-11 09:39:29,180 DEBUG [main] cache:45 - "test-view/standard.ftl"("en", UTF-8, parsed) cached copy not yet stale; using cached.
2023-04-11 09:39:29,185 DEBUG [main] cache:45 - "test-view/standard.ftl"("en", UTF-8, parsed) cached copy not yet stale; using cached.
2023-04-11 09:39:29,193 DEBUG [main] cache:45 - "test-view/standard.ftl"("en", UTF-8, parsed) cached copy not yet stale; using cached.
2023-04-11 09:39:29,199 DEBUG [main] cache:45 - "test-view/standard.ftl"("en", UTF-8, parsed) cached copy not yet stale; using cached.
2023-04-11 09:39:29,212 DEBUG [main] cache:45 - "test-view/standard.ftl"("en", UTF-8, parsed) cached copy not yet stale; using cached.
2023-04-11 09:39:29,214 DEBUG [main] cache:45 - "test-view/standard.ftl"("en", UTF-8, parsed) cached copy not yet stale; using cached.
2023-04-11 09:39:29,218 DEBUG [main] cache:45 - "test-view/standard.ftl"("en", UTF-8, parsed) cached copy not yet stale; using cached.
2023-04-11 09:39:29,225 DEBUG [main] cache:45 - "test-view/standard.ftl"("en", UTF-8, parsed) cached copy not yet stale; using cached.
2023-04-11 09:39:29,230 DEBUG [main] cache:45 - "test-view/standard.ftl"("en", UTF-8, parsed) cached copy not yet stale; using cached.
2023-04-11 09:39:29,235 DEBUG [main] cache:45 - "test-view/standard.ftl"("en", UTF-8, parsed) cached copy not yet stale; using cached.
2023-04-11 09:39:29,241 DEBUG [main] cache:45 - "test-view/standard.ftl"("en", UTF-8, parsed) cached copy not yet stale; using cached.
2023-04-11 09:39:29,244 DEBUG [main] cache:45 - "test-view/standard.ftl"("en", UTF-8, parsed) cached copy not yet stale; using cached.
2023-04-11 09:39:29,246 DEBUG [main] cache:45 - "test-view/standard.ftl"("en", UTF-8, parsed) cached copy not yet stale; using cached.
2023-04-11 09:39:29,250 DEBUG [main] cache:45 - Couldn't find template in cache for "category-view/category-view.ftl"("en", UTF-8, parsed); will try to load it.
2023-04-11 09:39:29,253 DEBUG [main] cache:45 - TemplateLoader.findTemplateSource("category-view/category-view_en.ftl"): Not found
2023-04-11 09:39:29,253 DEBUG [main] cache:45 - TemplateLoader.findTemplateSource("category-view/category-view.ftl"): Found
2023-04-11 09:39:29,254 DEBUG [main] cache:45 - Loading template for "category-view/category-view.ftl"("en", UTF-8, parsed) from "jar:file:/C:/Users/HP/.m2/repository/com/aventstack/extentreports/3.1.2/extentreports-3.1.2.jar!/com/aventstack/extentreports/view/html-report/category-view/category-view.ftl"
2023-04-11 09:39:29,273 DEBUG [main] cache:45 - Couldn't find template in cache for "author-view/author-view.ftl"("en", UTF-8, parsed); will try to load it.
2023-04-11 09:39:29,275 DEBUG [main] cache:45 - TemplateLoader.findTemplateSource("author-view/author-view_en.ftl"): Not found
2023-04-11 09:39:29,277 DEBUG [main] cache:45 - TemplateLoader.findTemplateSource("author-view/author-view.ftl"): Found
2023-04-11 09:39:29,279 DEBUG [main] cache:45 - Loading template for "author-view/author-view.ftl"("en", UTF-8, parsed) from "jar:file:/C:/Users/HP/.m2/repository/com/aventstack/extentreports/3.1.2/extentreports-3.1.2.jar!/com/aventstack/extentreports/view/html-report/author-view/author-view.ftl"
2023-04-11 09:39:29,293 DEBUG [main] cache:45 - Couldn't find template in cache for "exception-view/exception-view.ftl"("en", UTF-8, parsed); will try to load it.
2023-04-11 09:39:29,295 DEBUG [main] cache:45 - TemplateLoader.findTemplateSource("exception-view/exception-view_en.ftl"): Not found
2023-04-11 09:39:29,296 DEBUG [main] cache:45 - TemplateLoader.findTemplateSource("exception-view/exception-view.ftl"): Found
2023-04-11 09:39:29,299 DEBUG [main] cache:45 - Loading template for "exception-view/exception-view.ftl"("en", UTF-8, parsed) from "jar:file:/C:/Users/HP/.m2/repository/com/aventstack/extentreports/3.1.2/extentreports-3.1.2.jar!/com/aventstack/extentreports/view/html-report/exception-view/exception-view.ftl"
2023-04-11 09:39:29,313 DEBUG [main] cache:45 - Couldn't find template in cache for "dashboard-view/dashboard-view.ftl"("en", UTF-8, parsed); will try to load it.
2023-04-11 09:39:29,314 DEBUG [main] cache:45 - TemplateLoader.findTemplateSource("dashboard-view/dashboard-view_en.ftl"): Not found
2023-04-11 09:39:29,316 DEBUG [main] cache:45 - TemplateLoader.findTemplateSource("dashboard-view/dashboard-view.ftl"): Found
2023-04-11 09:39:29,320 DEBUG [main] cache:45 - Loading template for "dashboard-view/dashboard-view.ftl"("en", UTF-8, parsed) from "jar:file:/C:/Users/HP/.m2/repository/com/aventstack/extentreports/3.1.2/extentreports-3.1.2.jar!/com/aventstack/extentreports/view/html-report/dashboard-view/dashboard-view.ftl"
2023-04-11 09:39:29,385 DEBUG [main] cache:45 - Couldn't find template in cache for "logs-view/testrunner-logs-view.ftl"("en", UTF-8, parsed); will try to load it.
2023-04-11 09:39:29,391 DEBUG [main] cache:45 - TemplateLoader.findTemplateSource("logs-view/testrunner-logs-view_en.ftl"): Not found
2023-04-11 09:39:29,392 DEBUG [main] cache:45 - TemplateLoader.findTemplateSource("logs-view/testrunner-logs-view.ftl"): Found
2023-04-11 09:39:29,393 DEBUG [main] cache:45 - Loading template for "logs-view/testrunner-logs-view.ftl"("en", UTF-8, parsed) from "jar:file:/C:/Users/HP/.m2/repository/com/aventstack/extentreports/3.1.2/extentreports-3.1.2.jar!/com/aventstack/extentreports/view/html-report/logs-view/testrunner-logs-view.ftl"
